[     282ms] [ERROR] WebSocket connection to 'ws://localhost:8000/ws/events' failed: Error during WebSocket handshake: Unexpected response code: 404 @ http://localhost:8000/:138
[     302ms] [ERROR] WebSocket error: Event @ http://localhost:8000/:176
[     304ms] [ERROR] Failed to load resource: the server responded with a status of 404 (Not Found) @ http://localhost:8000/favicon.ico:0
[    3288ms] [ERROR] WebSocket connection to 'ws://localhost:8000/ws/events' failed: Error during WebSocket handshake: Unexpected response code: 404 @ http://localhost:8000/:138
[    3288ms] [ERROR] WebSocket error: Event @ http://localhost:8000/:176
[    6291ms] [ERROR] WebSocket connection to 'ws://localhost:8000/ws/events' failed: Error during WebSocket handshake: Unexpected response code: 404 @ http://localhost:8000/:138
[    6291ms] [ERROR] WebSocket error: Event @ http://localhost:8000/:176
[    9294ms] [ERROR] WebSocket connection to 'ws://localhost:8000/ws/events' failed: Error during WebSocket handshake: Unexpected response code: 404 @ http://localhost:8000/:138
[    9295ms] [ERROR] WebSocket error: Event @ http://localhost:8000/:176
[   12298ms] [ERROR] WebSocket connection to 'ws://localhost:8000/ws/events' failed: Error during WebSocket handshake: Unexpected response code: 404 @ http://localhost:8000/:138
[   12298ms] [ERROR] WebSocket error: Event @ http://localhost:8000/:176
[   15302ms] [ERROR] WebSocket connection to 'ws://localhost:8000/ws/events' failed: Error during WebSocket handshake: Unexpected response code: 404 @ http://localhost:8000/:138
[   15303ms] [ERROR] WebSocket error: Event @ http://localhost:8000/:176
[   18317ms] [ERROR] WebSocket connection to 'ws://localhost:8000/ws/events' failed: Error during WebSocket handshake: Unexpected response code: 404 @ http://localhost:8000/:138
[   18318ms] [ERROR] WebSocket error: Event @ http://localhost:8000/:176
[   21326ms] [ERROR] WebSocket connection to 'ws://localhost:8000/ws/events' failed: Error during WebSocket handshake: Unexpected response code: 404 @ http://localhost:8000/:138
[   21327ms] [ERROR] WebSocket error: Event @ http://localhost:8000/:176
[   24358ms] [ERROR] WebSocket connection to 'ws://localhost:8000/ws/events' failed: Error during WebSocket handshake: Unexpected response code: 404 @ http://localhost:8000/:138
[   24359ms] [ERROR] WebSocket error: Event @ http://localhost:8000/:176
[   27415ms] [ERROR] WebSocket connection to 'ws://localhost:8000/ws/events' failed: Error during WebSocket handshake: Unexpected response code: 404 @ http://localhost:8000/:138
[   27416ms] [ERROR] WebSocket error: Event @ http://localhost:8000/:176
[   30495ms] [ERROR] WebSocket connection to 'ws://localhost:8000/ws/events' failed: Error during WebSocket handshake: Unexpected response code: 404 @ http://localhost:8000/:138
[   30496ms] [ERROR] WebSocket error: Event @ http://localhost:8000/:176
[   33737ms] [ERROR] WebSocket connection to 'ws://localhost:8000/ws/events' failed: Error during WebSocket handshake: Unexpected response code: 404 @ http://localhost:8000/:138
[   33737ms] [ERROR] WebSocket error: Event @ http://localhost:8000/:176
[   36962ms] [ERROR] WebSocket connection to 'ws://localhost:8000/ws/events' failed: Error during WebSocket handshake: Unexpected response code: 404 @ http://localhost:8000/:138
[   36963ms] [ERROR] WebSocket error: Event @ http://localhost:8000/:176
[   40788ms] [ERROR] WebSocket connection to 'ws://localhost:8000/ws/events' failed: Error during WebSocket handshake: Unexpected response code: 404 @ http://localhost:8000/:138
[   40788ms] [ERROR] WebSocket error: Event @ http://localhost:8000/:176
[   44522ms] [ERROR] WebSocket connection to 'ws://localhost:8000/ws/events' failed: Error during WebSocket handshake: Unexpected response code: 404 @ http://localhost:8000/:138
[   44523ms] [ERROR] WebSocket error: Event @ http://localhost:8000/:176
[   49380ms] [ERROR] WebSocket connection to 'ws://localhost:8000/ws/events' failed: Error during WebSocket handshake: Unexpected response code: 404 @ http://localhost:8000/:138
[   49380ms] [ERROR] WebSocket error: Event @ http://localhost:8000/:176
[   53784ms] [ERROR] WebSocket connection to 'ws://localhost:8000/ws/events' failed: Error during WebSocket handshake: Unexpected response code: 404 @ http://localhost:8000/:138
[   53784ms] [ERROR] WebSocket error: Event @ http://localhost:8000/:176
[   58710ms] [ERROR] WebSocket connection to 'ws://localhost:8000/ws/events' failed: Error during WebSocket handshake: Unexpected response code: 404 @ http://localhost:8000/:138
[   58711ms] [ERROR] WebSocket error: Event @ http://localhost:8000/:176
[   63587ms] [ERROR] WebSocket connection to 'ws://localhost:8000/ws/events' failed: Error during WebSocket handshake: Unexpected response code: 404 @ http://localhost:8000/:138
[   63587ms] [ERROR] WebSocket error: Event @ http://localhost:8000/:176
[   68921ms] [ERROR] WebSocket connection to 'ws://localhost:8000/ws/events' failed: Error during WebSocket handshake: Unexpected response code: 404 @ http://localhost:8000/:138
[   68921ms] [ERROR] WebSocket error: Event @ http://localhost:8000/:176
[   76510ms] [ERROR] WebSocket connection to 'ws://localhost:8000/ws/events' failed: Error during WebSocket handshake: Unexpected response code: 404 @ http://localhost:8000/:138
[   76511ms] [ERROR] WebSocket error: Event @ http://localhost:8000/:176
[   82232ms] [ERROR] WebSocket connection to 'ws://localhost:8000/ws/events' failed: Error during WebSocket handshake: Unexpected response code: 404 @ http://localhost:8000/:138
[   82233ms] [ERROR] WebSocket error: Event @ http://localhost:8000/:176
[   87805ms] [ERROR] WebSocket connection to 'ws://localhost:8000/ws/events' failed: Error during WebSocket handshake: Unexpected response code: 404 @ http://localhost:8000/:138
[   87805ms] [ERROR] WebSocket error: Event @ http://localhost:8000/:176
