[     138ms] [ERROR] Failed to load resource: the server responded with a status of 404 (Not Found) @ http://localhost:8083/favicon.ico:0
[  466856ms] [ERROR] WebSocket connection to 'ws://localhost:8083/ws/events' failed:  @ http://localhost:8083/:173
[  466857ms] [ERROR] WebSocket error: Event @ http://localhost:8083/:212
[  469865ms] [ERROR] WebSocket connection to 'ws://localhost:8083/ws/events' failed: Error in connection establishment: net::ERR_CONNECTION_REFUSED @ http://localhost:8083/:173
[  469865ms] [ERROR] WebSocket error: Event @ http://localhost:8083/:212
[  471861ms] [ERROR] Failed to load resource: net::ERR_CONNECTION_REFUSED @ http://localhost:8083/activity-feed/stream:0
[  472868ms] [ERROR] WebSocket connection to 'ws://localhost:8083/ws/events' failed: Error in connection establishment: net::ERR_CONNECTION_REFUSED @ http://localhost:8083/:173
[  472868ms] [ERROR] WebSocket error: Event @ http://localhost:8083/:212
[  475871ms] [ERROR] WebSocket connection to 'ws://localhost:8083/ws/events' failed: Error in connection establishment: net::ERR_CONNECTION_REFUSED @ http://localhost:8083/:173
[  475872ms] [ERROR] WebSocket error: Event @ http://localhost:8083/:212
[  476862ms] [ERROR] Failed to load resource: net::ERR_CONNECTION_REFUSED @ http://localhost:8083/activity-feed/stream:0
[  478875ms] [ERROR] WebSocket connection to 'ws://localhost:8083/ws/events' failed: Error in connection establishment: net::ERR_CONNECTION_REFUSED @ http://localhost:8083/:173
[  478875ms] [ERROR] WebSocket error: Event @ http://localhost:8083/:212
[  481865ms] [ERROR] Failed to load resource: net::ERR_CONNECTION_REFUSED @ http://localhost:8083/activity-feed/stream:0
[  481881ms] [ERROR] WebSocket connection to 'ws://localhost:8083/ws/events' failed: Error in connection establishment: net::ERR_CONNECTION_REFUSED @ http://localhost:8083/:173
[  481881ms] [ERROR] WebSocket error: Event @ http://localhost:8083/:212
[  484887ms] [ERROR] WebSocket connection to 'ws://localhost:8083/ws/events' failed: Error in connection establishment: net::ERR_CONNECTION_REFUSED @ http://localhost:8083/:173
[  484887ms] [ERROR] WebSocket error: Event @ http://localhost:8083/:212
[  486867ms] [ERROR] Failed to load resource: net::ERR_CONNECTION_REFUSED @ http://localhost:8083/activity-feed/stream:0
[  487894ms] [ERROR] WebSocket connection to 'ws://localhost:8083/ws/events' failed: Error in connection establishment: net::ERR_CONNECTION_REFUSED @ http://localhost:8083/:173
[  487894ms] [ERROR] WebSocket error: Event @ http://localhost:8083/:212
[  490915ms] [ERROR] WebSocket connection to 'ws://localhost:8083/ws/events' failed: Error in connection establishment: net::ERR_CONNECTION_REFUSED @ http://localhost:8083/:173
[  490915ms] [ERROR] WebSocket error: Event @ http://localhost:8083/:212
[  491870ms] [ERROR] Failed to load resource: net::ERR_CONNECTION_REFUSED @ http://localhost:8083/activity-feed/stream:0
[  493931ms] [ERROR] WebSocket connection to 'ws://localhost:8083/ws/events' failed: Error in connection establishment: net::ERR_CONNECTION_REFUSED @ http://localhost:8083/:173
[  493931ms] [ERROR] WebSocket error: Event @ http://localhost:8083/:212
[  496872ms] [ERROR] Failed to load resource: net::ERR_CONNECTION_REFUSED @ http://localhost:8083/activity-feed/stream:0
[  496956ms] [ERROR] WebSocket connection to 'ws://localhost:8083/ws/events' failed: Error in connection establishment: net::ERR_CONNECTION_REFUSED @ http://localhost:8083/:173
[  496956ms] [ERROR] WebSocket error: Event @ http://localhost:8083/:212
[  499997ms] [ERROR] WebSocket connection to 'ws://localhost:8083/ws/events' failed: Error in connection establishment: net::ERR_CONNECTION_REFUSED @ http://localhost:8083/:173
[  499997ms] [ERROR] WebSocket error: Event @ http://localhost:8083/:212
[  501874ms] [ERROR] Failed to load resource: net::ERR_CONNECTION_REFUSED @ http://localhost:8083/activity-feed/stream:0
[  503260ms] [ERROR] WebSocket connection to 'ws://localhost:8083/ws/events' failed: Error in connection establishment: net::ERR_CONNECTION_REFUSED @ http://localhost:8083/:173
[  503260ms] [ERROR] WebSocket error: Event @ http://localhost:8083/:212
[  506529ms] [ERROR] WebSocket connection to 'ws://localhost:8083/ws/events' failed: Error in connection establishment: net::ERR_CONNECTION_REFUSED @ http://localhost:8083/:173
[  506529ms] [ERROR] WebSocket error: Event @ http://localhost:8083/:212
[  506876ms] [ERROR] Failed to load resource: net::ERR_CONNECTION_REFUSED @ http://localhost:8083/activity-feed/stream:0
[  509789ms] [ERROR] WebSocket connection to 'ws://localhost:8083/ws/events' failed: Error in connection establishment: net::ERR_CONNECTION_REFUSED @ http://localhost:8083/:173
[  509789ms] [ERROR] WebSocket error: Event @ http://localhost:8083/:212
[  511879ms] [ERROR] Failed to load resource: net::ERR_CONNECTION_REFUSED @ http://localhost:8083/activity-feed/stream:0
[  513664ms] [ERROR] WebSocket connection to 'ws://localhost:8083/ws/events' failed: Error in connection establishment: net::ERR_CONNECTION_REFUSED @ http://localhost:8083/:173
[  513664ms] [ERROR] WebSocket error: Event @ http://localhost:8083/:212
[  516883ms] [ERROR] Failed to load resource: net::ERR_CONNECTION_REFUSED @ http://localhost:8083/activity-feed/stream:0
[  520112ms] [ERROR] WebSocket connection to 'ws://localhost:8083/ws/events' failed: Error in connection establishment: net::ERR_CONNECTION_REFUSED @ http://localhost:8083/:173
[  520112ms] [ERROR] WebSocket error: Event @ http://localhost:8083/:212
[  521886ms] [ERROR] Failed to load resource: net::ERR_CONNECTION_REFUSED @ http://localhost:8083/activity-feed/stream:0
[  524656ms] [ERROR] WebSocket connection to 'ws://localhost:8083/ws/events' failed: Error in connection establishment: net::ERR_CONNECTION_REFUSED @ http://localhost:8083/:173
[  524656ms] [ERROR] WebSocket error: Event @ http://localhost:8083/:212
[  526888ms] [ERROR] Failed to load resource: net::ERR_CONNECTION_REFUSED @ http://localhost:8083/activity-feed/stream:0
[  531133ms] [ERROR] WebSocket connection to 'ws://localhost:8083/ws/events' failed: Error in connection establishment: net::ERR_CONNECTION_REFUSED @ http://localhost:8083/:173
[  531133ms] [ERROR] WebSocket error: Event @ http://localhost:8083/:212
[  531894ms] [ERROR] Failed to load resource: net::ERR_CONNECTION_REFUSED @ http://localhost:8083/activity-feed/stream:0
[  536897ms] [ERROR] Failed to load resource: net::ERR_CONNECTION_REFUSED @ http://localhost:8083/activity-feed/stream:0
[  538878ms] [ERROR] WebSocket connection to 'ws://localhost:8083/ws/events' failed: Error in connection establishment: net::ERR_CONNECTION_REFUSED @ http://localhost:8083/:173
[  538878ms] [ERROR] WebSocket error: Event @ http://localhost:8083/:212
[  541899ms] [ERROR] Failed to load resource: net::ERR_CONNECTION_REFUSED @ http://localhost:8083/activity-feed/stream:0
[  545564ms] [ERROR] WebSocket connection to 'ws://localhost:8083/ws/events' failed: Error in connection establishment: net::ERR_CONNECTION_REFUSED @ http://localhost:8083/:173
[  545564ms] [ERROR] WebSocket error: Event @ http://localhost:8083/:212
[  546904ms] [ERROR] Failed to load resource: net::ERR_CONNECTION_REFUSED @ http://localhost:8083/activity-feed/stream:0
[  551909ms] [ERROR] Failed to load resource: net::ERR_CONNECTION_REFUSED @ http://localhost:8083/activity-feed/stream:0
[  552443ms] [ERROR] WebSocket connection to 'ws://localhost:8083/ws/events' failed: Error in connection establishment: net::ERR_CONNECTION_REFUSED @ http://localhost:8083/:173
[  552444ms] [ERROR] WebSocket error: Event @ http://localhost:8083/:212
[  556914ms] [ERROR] Failed to load resource: net::ERR_CONNECTION_REFUSED @ http://localhost:8083/activity-feed/stream:0
[  559477ms] [ERROR] WebSocket connection to 'ws://localhost:8083/ws/events' failed: Error in connection establishment: net::ERR_CONNECTION_REFUSED @ http://localhost:8083/:173
[  559477ms] [ERROR] WebSocket error: Event @ http://localhost:8083/:212
[  561919ms] [ERROR] Failed to load resource: net::ERR_CONNECTION_REFUSED @ http://localhost:8083/activity-feed/stream:0
[  563860ms] [ERROR] WebSocket connection to 'ws://localhost:8083/ws/events' failed: Error in connection establishment: net::ERR_CONNECTION_REFUSED @ http://localhost:8083/:173
[  563860ms] [ERROR] WebSocket error: Event @ http://localhost:8083/:212
[  566936ms] [ERROR] Failed to load resource: net::ERR_CONNECTION_REFUSED @ http://localhost:8083/activity-feed/stream:0
[  571261ms] [ERROR] WebSocket connection to 'ws://localhost:8083/ws/events' failed: Error in connection establishment: net::ERR_CONNECTION_REFUSED @ http://localhost:8083/:173
[  571261ms] [ERROR] WebSocket error: Event @ http://localhost:8083/:212
[  571940ms] [ERROR] Failed to load resource: net::ERR_CONNECTION_REFUSED @ http://localhost:8083/activity-feed/stream:0
[  576943ms] [ERROR] Failed to load resource: net::ERR_CONNECTION_REFUSED @ http://localhost:8083/activity-feed/stream:0
[  577809ms] [ERROR] WebSocket connection to 'ws://localhost:8083/ws/events' failed: Error in connection establishment: net::ERR_CONNECTION_REFUSED @ http://localhost:8083/:173
[  577809ms] [ERROR] WebSocket error: Event @ http://localhost:8083/:212
[  581948ms] [ERROR] Failed to load resource: net::ERR_CONNECTION_REFUSED @ http://localhost:8083/activity-feed/stream:0
[  584599ms] [ERROR] WebSocket connection to 'ws://localhost:8083/ws/events' failed: Error in connection establishment: net::ERR_CONNECTION_REFUSED @ http://localhost:8083/:173
[  584599ms] [ERROR] WebSocket error: Event @ http://localhost:8083/:212
[  586951ms] [ERROR] Failed to load resource: net::ERR_CONNECTION_REFUSED @ http://localhost:8083/activity-feed/stream:0
[  591071ms] [ERROR] WebSocket connection to 'ws://localhost:8083/ws/events' failed: Error in connection establishment: net::ERR_CONNECTION_REFUSED @ http://localhost:8083/:173
[  591071ms] [ERROR] WebSocket error: Event @ http://localhost:8083/:212
[  591954ms] [ERROR] Failed to load resource: net::ERR_CONNECTION_REFUSED @ http://localhost:8083/activity-feed/stream:0
[  596959ms] [ERROR] Failed to load resource: net::ERR_CONNECTION_REFUSED @ http://localhost:8083/activity-feed/stream:0
[  597757ms] [ERROR] WebSocket connection to 'ws://localhost:8083/ws/events' failed: Error in connection establishment: net::ERR_CONNECTION_REFUSED @ http://localhost:8083/:173
[  597757ms] [ERROR] WebSocket error: Event @ http://localhost:8083/:212
[  601968ms] [ERROR] Failed to load resource: net::ERR_CONNECTION_REFUSED @ http://localhost:8083/activity-feed/stream:0
[  602941ms] [ERROR] WebSocket connection to 'ws://localhost:8083/ws/events' failed: Error in connection establishment: net::ERR_CONNECTION_REFUSED @ http://localhost:8083/:173
[  602942ms] [ERROR] WebSocket error: Event @ http://localhost:8083/:212
[  606970ms] [ERROR] Failed to load resource: net::ERR_CONNECTION_REFUSED @ http://localhost:8083/activity-feed/stream:0
[  609238ms] [ERROR] WebSocket connection to 'ws://localhost:8083/ws/events' failed: Error in connection establishment: net::ERR_CONNECTION_REFUSED @ http://localhost:8083/:173
[  609239ms] [ERROR] WebSocket error: Event @ http://localhost:8083/:212
[  611973ms] [ERROR] Failed to load resource: net::ERR_CONNECTION_REFUSED @ http://localhost:8083/activity-feed/stream:0
[  614110ms] [ERROR] WebSocket connection to 'ws://localhost:8083/ws/events' failed: Error in connection establishment: net::ERR_CONNECTION_REFUSED @ http://localhost:8083/:173
[  614110ms] [ERROR] WebSocket error: Event @ http://localhost:8083/:212
[  616979ms] [ERROR] Failed to load resource: net::ERR_CONNECTION_REFUSED @ http://localhost:8083/activity-feed/stream:0
[  620770ms] [ERROR] WebSocket connection to 'ws://localhost:8083/ws/events' failed: Error in connection establishment: net::ERR_CONNECTION_REFUSED @ http://localhost:8083/:173
[  620770ms] [ERROR] WebSocket error: Event @ http://localhost:8083/:212
[  621982ms] [ERROR] Failed to load resource: net::ERR_CONNECTION_REFUSED @ http://localhost:8083/activity-feed/stream:0
[  625102ms] [ERROR] WebSocket connection to 'ws://localhost:8083/ws/events' failed: Error in connection establishment: net::ERR_CONNECTION_REFUSED @ http://localhost:8083/:173
[  625102ms] [ERROR] WebSocket error: Event @ http://localhost:8083/:212
[  626985ms] [ERROR] Failed to load resource: net::ERR_CONNECTION_REFUSED @ http://localhost:8083/activity-feed/stream:0
[  631992ms] [ERROR] Failed to load resource: net::ERR_CONNECTION_REFUSED @ http://localhost:8083/activity-feed/stream:0
[  632861ms] [ERROR] WebSocket connection to 'ws://localhost:8083/ws/events' failed: Error in connection establishment: net::ERR_CONNECTION_REFUSED @ http://localhost:8083/:173
[  632861ms] [ERROR] WebSocket error: Event @ http://localhost:8083/:212
[  636998ms] [ERROR] Failed to load resource: net::ERR_CONNECTION_REFUSED @ http://localhost:8083/activity-feed/stream:0
[  638541ms] [ERROR] WebSocket connection to 'ws://localhost:8083/ws/events' failed: Error in connection establishment: net::ERR_CONNECTION_REFUSED @ http://localhost:8083/:173
[  638542ms] [ERROR] WebSocket error: Event @ http://localhost:8083/:212
[  642002ms] [ERROR] Failed to load resource: net::ERR_CONNECTION_REFUSED @ http://localhost:8083/activity-feed/stream:0
[  645955ms] [ERROR] WebSocket connection to 'ws://localhost:8083/ws/events' failed: Error in connection establishment: net::ERR_CONNECTION_REFUSED @ http://localhost:8083/:173
[  645956ms] [ERROR] WebSocket error: Event @ http://localhost:8083/:212
[  647005ms] [ERROR] Failed to load resource: net::ERR_CONNECTION_REFUSED @ http://localhost:8083/activity-feed/stream:0
[  652009ms] [ERROR] Failed to load resource: net::ERR_CONNECTION_REFUSED @ http://localhost:8083/activity-feed/stream:0
[  652034ms] [ERROR] WebSocket connection to 'ws://localhost:8083/ws/events' failed: Error in connection establishment: net::ERR_CONNECTION_REFUSED @ http://localhost:8083/:173
[  652035ms] [ERROR] WebSocket error: Event @ http://localhost:8083/:212
[  657013ms] [ERROR] Failed to load resource: net::ERR_CONNECTION_REFUSED @ http://localhost:8083/activity-feed/stream:0
[  658951ms] [ERROR] WebSocket connection to 'ws://localhost:8083/ws/events' failed: Error in connection establishment: net::ERR_CONNECTION_REFUSED @ http://localhost:8083/:173
[  658951ms] [ERROR] WebSocket error: Event @ http://localhost:8083/:212
[  662015ms] [ERROR] Failed to load resource: net::ERR_CONNECTION_REFUSED @ http://localhost:8083/activity-feed/stream:0
[  666665ms] [ERROR] WebSocket connection to 'ws://localhost:8083/ws/events' failed: Error in connection establishment: net::ERR_CONNECTION_REFUSED @ http://localhost:8083/:173
[  666665ms] [ERROR] WebSocket error: Event @ http://localhost:8083/:212
[  667022ms] [ERROR] Failed to load resource: net::ERR_CONNECTION_REFUSED @ http://localhost:8083/activity-feed/stream:0
[  672026ms] [ERROR] Failed to load resource: net::ERR_CONNECTION_REFUSED @ http://localhost:8083/activity-feed/stream:0
[  672513ms] [ERROR] WebSocket connection to 'ws://localhost:8083/ws/events' failed: Error in connection establishment: net::ERR_CONNECTION_REFUSED @ http://localhost:8083/:173
[  672513ms] [ERROR] WebSocket error: Event @ http://localhost:8083/:212
[  677031ms] [ERROR] Failed to load resource: net::ERR_CONNECTION_REFUSED @ http://localhost:8083/activity-feed/stream:0
[  679412ms] [ERROR] WebSocket connection to 'ws://localhost:8083/ws/events' failed: Error in connection establishment: net::ERR_CONNECTION_REFUSED @ http://localhost:8083/:173
[  679412ms] [ERROR] WebSocket error: Event @ http://localhost:8083/:212
[  682034ms] [ERROR] Failed to load resource: net::ERR_CONNECTION_REFUSED @ http://localhost:8083/activity-feed/stream:0
[  686703ms] [ERROR] WebSocket connection to 'ws://localhost:8083/ws/events' failed: Error in connection establishment: net::ERR_CONNECTION_REFUSED @ http://localhost:8083/:173
[  686703ms] [ERROR] WebSocket error: Event @ http://localhost:8083/:212
[  687037ms] [ERROR] Failed to load resource: net::ERR_CONNECTION_REFUSED @ http://localhost:8083/activity-feed/stream:0
[  691209ms] [ERROR] WebSocket connection to 'ws://localhost:8083/ws/events' failed: Error in connection establishment: net::ERR_CONNECTION_REFUSED @ http://localhost:8083/:173
[  691210ms] [ERROR] WebSocket error: Event @ http://localhost:8083/:212
[  692041ms] [ERROR] Failed to load resource: net::ERR_CONNECTION_REFUSED @ http://localhost:8083/activity-feed/stream:0
[  695737ms] [ERROR] WebSocket connection to 'ws://localhost:8083/ws/events' failed: Error in connection establishment: net::ERR_CONNECTION_REFUSED @ http://localhost:8083/:173
[  695738ms] [ERROR] WebSocket error: Event @ http://localhost:8083/:212
[  697045ms] [ERROR] Failed to load resource: net::ERR_CONNECTION_REFUSED @ http://localhost:8083/activity-feed/stream:0
[  702050ms] [ERROR] Failed to load resource: net::ERR_CONNECTION_REFUSED @ http://localhost:8083/activity-feed/stream:0
[  702441ms] [ERROR] WebSocket connection to 'ws://localhost:8083/ws/events' failed: Error in connection establishment: net::ERR_CONNECTION_REFUSED @ http://localhost:8083/:173
[  702441ms] [ERROR] WebSocket error: Event @ http://localhost:8083/:212
[  707051ms] [ERROR] Failed to load resource: net::ERR_CONNECTION_REFUSED @ http://localhost:8083/activity-feed/stream:0
[  710372ms] [ERROR] WebSocket connection to 'ws://localhost:8083/ws/events' failed: Error in connection establishment: net::ERR_CONNECTION_REFUSED @ http://localhost:8083/:173
[  710372ms] [ERROR] WebSocket error: Event @ http://localhost:8083/:212
[  712055ms] [ERROR] Failed to load resource: net::ERR_CONNECTION_REFUSED @ http://localhost:8083/activity-feed/stream:0
[  715687ms] [ERROR] WebSocket connection to 'ws://localhost:8083/ws/events' failed: Error in connection establishment: net::ERR_CONNECTION_REFUSED @ http://localhost:8083/:173
[  715687ms] [ERROR] WebSocket error: Event @ http://localhost:8083/:212
[  717060ms] [ERROR] Failed to load resource: net::ERR_CONNECTION_REFUSED @ http://localhost:8083/activity-feed/stream:0
[  721898ms] [ERROR] WebSocket connection to 'ws://localhost:8083/ws/events' failed: Error in connection establishment: net::ERR_CONNECTION_REFUSED @ http://localhost:8083/:173
[  721898ms] [ERROR] WebSocket error: Event @ http://localhost:8083/:212
[  722067ms] [ERROR] Failed to load resource: net::ERR_CONNECTION_REFUSED @ http://localhost:8083/activity-feed/stream:0
[  727071ms] [ERROR] Failed to load resource: net::ERR_CONNECTION_REFUSED @ http://localhost:8083/activity-feed/stream:0
[  728725ms] [ERROR] WebSocket connection to 'ws://localhost:8083/ws/events' failed: Error in connection establishment: net::ERR_CONNECTION_REFUSED @ http://localhost:8083/:173
[  728725ms] [ERROR] WebSocket error: Event @ http://localhost:8083/:212
[  732073ms] [ERROR] Failed to load resource: net::ERR_CONNECTION_REFUSED @ http://localhost:8083/activity-feed/stream:0
[  734384ms] [ERROR] WebSocket connection to 'ws://localhost:8083/ws/events' failed: Error in connection establishment: net::ERR_CONNECTION_REFUSED @ http://localhost:8083/:173
[  734384ms] [ERROR] WebSocket error: Event @ http://localhost:8083/:212
[  737078ms] [ERROR] Failed to load resource: net::ERR_CONNECTION_REFUSED @ http://localhost:8083/activity-feed/stream:0
[  741876ms] [ERROR] WebSocket connection to 'ws://localhost:8083/ws/events' failed: Error in connection establishment: net::ERR_CONNECTION_REFUSED @ http://localhost:8083/:173
[  741876ms] [ERROR] WebSocket error: Event @ http://localhost:8083/:212
[  742082ms] [ERROR] Failed to load resource: net::ERR_CONNECTION_REFUSED @ http://localhost:8083/activity-feed/stream:0
[  747084ms] [ERROR] Failed to load resource: net::ERR_CONNECTION_REFUSED @ http://localhost:8083/activity-feed/stream:0
[  749084ms] [ERROR] WebSocket connection to 'ws://localhost:8083/ws/events' failed: Error in connection establishment: net::ERR_CONNECTION_REFUSED @ http://localhost:8083/:173
[  749084ms] [ERROR] WebSocket error: Event @ http://localhost:8083/:212
[  752089ms] [ERROR] Failed to load resource: net::ERR_CONNECTION_REFUSED @ http://localhost:8083/activity-feed/stream:0
[  753648ms] [ERROR] WebSocket connection to 'ws://localhost:8083/ws/events' failed: Error in connection establishment: net::ERR_CONNECTION_REFUSED @ http://localhost:8083/:173
[  753648ms] [ERROR] WebSocket error: Event @ http://localhost:8083/:212
[  757094ms] [ERROR] Failed to load resource: net::ERR_CONNECTION_REFUSED @ http://localhost:8083/activity-feed/stream:0
[  757947ms] [ERROR] WebSocket connection to 'ws://localhost:8083/ws/events' failed: Error in connection establishment: net::ERR_CONNECTION_REFUSED @ http://localhost:8083/:173
[  757947ms] [ERROR] WebSocket error: Event @ http://localhost:8083/:212
[  762097ms] [ERROR] Failed to load resource: net::ERR_CONNECTION_REFUSED @ http://localhost:8083/activity-feed/stream:0
[  764255ms] [ERROR] WebSocket connection to 'ws://localhost:8083/ws/events' failed: Error in connection establishment: net::ERR_CONNECTION_REFUSED @ http://localhost:8083/:173
[  764255ms] [ERROR] WebSocket error: Event @ http://localhost:8083/:212
[  767101ms] [ERROR] Failed to load resource: net::ERR_CONNECTION_REFUSED @ http://localhost:8083/activity-feed/stream:0
[  769577ms] [ERROR] WebSocket connection to 'ws://localhost:8083/ws/events' failed: Error in connection establishment: net::ERR_CONNECTION_REFUSED @ http://localhost:8083/:173
[  769577ms] [ERROR] WebSocket error: Event @ http://localhost:8083/:212
[  772108ms] [ERROR] Failed to load resource: net::ERR_CONNECTION_REFUSED @ http://localhost:8083/activity-feed/stream:0
[  775144ms] [ERROR] WebSocket connection to 'ws://localhost:8083/ws/events' failed: Error in connection establishment: net::ERR_CONNECTION_REFUSED @ http://localhost:8083/:173
[  775144ms] [ERROR] WebSocket error: Event @ http://localhost:8083/:212
[  777112ms] [ERROR] Failed to load resource: net::ERR_CONNECTION_REFUSED @ http://localhost:8083/activity-feed/stream:0
[  782115ms] [ERROR] Failed to load resource: net::ERR_CONNECTION_REFUSED @ http://localhost:8083/activity-feed/stream:0
[  782979ms] [ERROR] WebSocket connection to 'ws://localhost:8083/ws/events' failed: Error in connection establishment: net::ERR_CONNECTION_REFUSED @ http://localhost:8083/:173
[  782979ms] [ERROR] WebSocket error: Event @ http://localhost:8083/:212
[  787117ms] [ERROR] Failed to load resource: net::ERR_CONNECTION_REFUSED @ http://localhost:8083/activity-feed/stream:0
[  788217ms] [ERROR] WebSocket connection to 'ws://localhost:8083/ws/events' failed: Error in connection establishment: net::ERR_CONNECTION_REFUSED @ http://localhost:8083/:173
[  788217ms] [ERROR] WebSocket error: Event @ http://localhost:8083/:212
[  792124ms] [ERROR] Failed to load resource: net::ERR_CONNECTION_REFUSED @ http://localhost:8083/activity-feed/stream:0
[  792802ms] [ERROR] WebSocket connection to 'ws://localhost:8083/ws/events' failed: Error in connection establishment: net::ERR_CONNECTION_REFUSED @ http://localhost:8083/:173
[  792802ms] [ERROR] WebSocket error: Event @ http://localhost:8083/:212
[  797127ms] [ERROR] Failed to load resource: net::ERR_CONNECTION_REFUSED @ http://localhost:8083/activity-feed/stream:0
[  798592ms] [ERROR] WebSocket connection to 'ws://localhost:8083/ws/events' failed: Error in connection establishment: net::ERR_CONNECTION_REFUSED @ http://localhost:8083/:173
[  798592ms] [ERROR] WebSocket error: Event @ http://localhost:8083/:212
[  802128ms] [ERROR] Failed to load resource: net::ERR_CONNECTION_REFUSED @ http://localhost:8083/activity-feed/stream:0
[  805125ms] [ERROR] WebSocket connection to 'ws://localhost:8083/ws/events' failed: Error in connection establishment: net::ERR_CONNECTION_REFUSED @ http://localhost:8083/:173
[  805125ms] [ERROR] WebSocket error: Event @ http://localhost:8083/:212
[  807130ms] [ERROR] Failed to load resource: net::ERR_CONNECTION_REFUSED @ http://localhost:8083/activity-feed/stream:0
[  810700ms] [ERROR] WebSocket connection to 'ws://localhost:8083/ws/events' failed: Error in connection establishment: net::ERR_CONNECTION_REFUSED @ http://localhost:8083/:173
[  810700ms] [ERROR] WebSocket error: Event @ http://localhost:8083/:212
[  812133ms] [ERROR] Failed to load resource: net::ERR_CONNECTION_REFUSED @ http://localhost:8083/activity-feed/stream:0
[  815982ms] [ERROR] WebSocket connection to 'ws://localhost:8083/ws/events' failed: Error in connection establishment: net::ERR_CONNECTION_REFUSED @ http://localhost:8083/:173
[  815982ms] [ERROR] WebSocket error: Event @ http://localhost:8083/:212
[  817135ms] [ERROR] Failed to load resource: net::ERR_CONNECTION_REFUSED @ http://localhost:8083/activity-feed/stream:0
[  822138ms] [ERROR] Failed to load resource: net::ERR_CONNECTION_REFUSED @ http://localhost:8083/activity-feed/stream:0
[  823359ms] [ERROR] WebSocket connection to 'ws://localhost:8083/ws/events' failed: Error in connection establishment: net::ERR_CONNECTION_REFUSED @ http://localhost:8083/:173
[  823359ms] [ERROR] WebSocket error: Event @ http://localhost:8083/:212
[  827141ms] [ERROR] Failed to load resource: net::ERR_CONNECTION_REFUSED @ http://localhost:8083/activity-feed/stream:0
[  828325ms] [ERROR] WebSocket connection to 'ws://localhost:8083/ws/events' failed: Error in connection establishment: net::ERR_CONNECTION_REFUSED @ http://localhost:8083/:173
[  828325ms] [ERROR] WebSocket error: Event @ http://localhost:8083/:212
[  831328ms] [ERROR] WebSocket connection to 'ws://localhost:8083/ws/events' failed: Error in connection establishment: net::ERR_CONNECTION_REFUSED @ http://localhost:8083/:173
[  831329ms] [ERROR] WebSocket error: Event @ http://localhost:8083/:212
[  832144ms] [ERROR] Failed to load resource: net::ERR_CONNECTION_REFUSED @ http://localhost:8083/activity-feed/stream:0
[  834331ms] [ERROR] WebSocket connection to 'ws://localhost:8083/ws/events' failed: Error in connection establishment: net::ERR_CONNECTION_REFUSED @ http://localhost:8083/:173
[  834331ms] [ERROR] WebSocket error: Event @ http://localhost:8083/:212
[  837146ms] [ERROR] Failed to load resource: net::ERR_CONNECTION_REFUSED @ http://localhost:8083/activity-feed/stream:0
[  837334ms] [ERROR] WebSocket connection to 'ws://localhost:8083/ws/events' failed: Error in connection establishment: net::ERR_CONNECTION_REFUSED @ http://localhost:8083/:173
[  837334ms] [ERROR] WebSocket error: Event @ http://localhost:8083/:212
[  840336ms] [ERROR] WebSocket connection to 'ws://localhost:8083/ws/events' failed: Error in connection establishment: net::ERR_CONNECTION_REFUSED @ http://localhost:8083/:173
[  840336ms] [ERROR] WebSocket error: Event @ http://localhost:8083/:212
[  842150ms] [ERROR] Failed to load resource: net::ERR_CONNECTION_REFUSED @ http://localhost:8083/activity-feed/stream:0
[  843341ms] [ERROR] WebSocket connection to 'ws://localhost:8083/ws/events' failed: Error in connection establishment: net::ERR_CONNECTION_REFUSED @ http://localhost:8083/:173
[  843341ms] [ERROR] WebSocket error: Event @ http://localhost:8083/:212
[  846347ms] [ERROR] WebSocket connection to 'ws://localhost:8083/ws/events' failed: Error in connection establishment: net::ERR_CONNECTION_REFUSED @ http://localhost:8083/:173
[  846347ms] [ERROR] WebSocket error: Event @ http://localhost:8083/:212
[  847154ms] [ERROR] Failed to load resource: net::ERR_CONNECTION_REFUSED @ http://localhost:8083/activity-feed/stream:0
[  849356ms] [ERROR] WebSocket connection to 'ws://localhost:8083/ws/events' failed: Error in connection establishment: net::ERR_CONNECTION_REFUSED @ http://localhost:8083/:173
[  849356ms] [ERROR] WebSocket error: Event @ http://localhost:8083/:212
[  852158ms] [ERROR] Failed to load resource: net::ERR_CONNECTION_REFUSED @ http://localhost:8083/activity-feed/stream:0
[  852377ms] [ERROR] WebSocket connection to 'ws://localhost:8083/ws/events' failed: Error in connection establishment: net::ERR_CONNECTION_REFUSED @ http://localhost:8083/:173
[  852377ms] [ERROR] WebSocket error: Event @ http://localhost:8083/:212
[  855396ms] [ERROR] WebSocket connection to 'ws://localhost:8083/ws/events' failed: Error in connection establishment: net::ERR_CONNECTION_REFUSED @ http://localhost:8083/:173
[  855396ms] [ERROR] WebSocket error: Event @ http://localhost:8083/:212
[  857161ms] [ERROR] Failed to load resource: net::ERR_CONNECTION_REFUSED @ http://localhost:8083/activity-feed/stream:0
[  858425ms] [ERROR] WebSocket connection to 'ws://localhost:8083/ws/events' failed: Error in connection establishment: net::ERR_CONNECTION_REFUSED @ http://localhost:8083/:173
[  858425ms] [ERROR] WebSocket error: Event @ http://localhost:8083/:212
[  861554ms] [ERROR] WebSocket connection to 'ws://localhost:8083/ws/events' failed: Error in connection establishment: net::ERR_CONNECTION_REFUSED @ http://localhost:8083/:173
[  861554ms] [ERROR] WebSocket error: Event @ http://localhost:8083/:212
[  862162ms] [ERROR] Failed to load resource: net::ERR_CONNECTION_REFUSED @ http://localhost:8083/activity-feed/stream:0
[  864874ms] [ERROR] WebSocket connection to 'ws://localhost:8083/ws/events' failed: Error in connection establishment: net::ERR_CONNECTION_REFUSED @ http://localhost:8083/:173
[  864874ms] [ERROR] WebSocket error: Event @ http://localhost:8083/:212
[  867166ms] [ERROR] Failed to load resource: net::ERR_CONNECTION_REFUSED @ http://localhost:8083/activity-feed/stream:0
[  868246ms] [ERROR] WebSocket connection to 'ws://localhost:8083/ws/events' failed: Error in connection establishment: net::ERR_CONNECTION_REFUSED @ http://localhost:8083/:173
[  868246ms] [ERROR] WebSocket error: Event @ http://localhost:8083/:212
[  872169ms] [ERROR] Failed to load resource: net::ERR_CONNECTION_REFUSED @ http://localhost:8083/activity-feed/stream:0
[  872333ms] [ERROR] WebSocket connection to 'ws://localhost:8083/ws/events' failed: Error in connection establishment: net::ERR_CONNECTION_REFUSED @ http://localhost:8083/:173
[  872334ms] [ERROR] WebSocket error: Event @ http://localhost:8083/:212
[  875992ms] [ERROR] WebSocket connection to 'ws://localhost:8083/ws/events' failed: Error in connection establishment: net::ERR_CONNECTION_REFUSED @ http://localhost:8083/:173
[  875993ms] [ERROR] WebSocket error: Event @ http://localhost:8083/:212
[  877171ms] [ERROR] Failed to load resource: net::ERR_CONNECTION_REFUSED @ http://localhost:8083/activity-feed/stream:0
[  882173ms] [ERROR] Failed to load resource: net::ERR_CONNECTION_REFUSED @ http://localhost:8083/activity-feed/stream:0
[  883959ms] [ERROR] WebSocket connection to 'ws://localhost:8083/ws/events' failed: Error in connection establishment: net::ERR_CONNECTION_REFUSED @ http://localhost:8083/:173
[  883959ms] [ERROR] WebSocket error: Event @ http://localhost:8083/:212
[  887176ms] [ERROR] Failed to load resource: net::ERR_CONNECTION_REFUSED @ http://localhost:8083/activity-feed/stream:0
[  891640ms] [ERROR] WebSocket connection to 'ws://localhost:8083/ws/events' failed: Error in connection establishment: net::ERR_CONNECTION_REFUSED @ http://localhost:8083/:173
[  891640ms] [ERROR] WebSocket error: Event @ http://localhost:8083/:212
[  892178ms] [ERROR] Failed to load resource: net::ERR_CONNECTION_REFUSED @ http://localhost:8083/activity-feed/stream:0
[  897183ms] [ERROR] Failed to load resource: net::ERR_CONNECTION_REFUSED @ http://localhost:8083/activity-feed/stream:0
[  899379ms] [ERROR] WebSocket connection to 'ws://localhost:8083/ws/events' failed: Error in connection establishment: net::ERR_CONNECTION_REFUSED @ http://localhost:8083/:173
[  899379ms] [ERROR] WebSocket error: Event @ http://localhost:8083/:212
[  902185ms] [ERROR] Failed to load resource: net::ERR_CONNECTION_REFUSED @ http://localhost:8083/activity-feed/stream:0
[  905404ms] [ERROR] WebSocket connection to 'ws://localhost:8083/ws/events' failed: Error in connection establishment: net::ERR_CONNECTION_REFUSED @ http://localhost:8083/:173
[  905404ms] [ERROR] WebSocket error: Event @ http://localhost:8083/:212
[  907188ms] [ERROR] Failed to load resource: net::ERR_CONNECTION_REFUSED @ http://localhost:8083/activity-feed/stream:0
[  910425ms] [ERROR] WebSocket connection to 'ws://localhost:8083/ws/events' failed: Error in connection establishment: net::ERR_CONNECTION_REFUSED @ http://localhost:8083/:173
[  910425ms] [ERROR] WebSocket error: Event @ http://localhost:8083/:212
[  912191ms] [ERROR] Failed to load resource: net::ERR_CONNECTION_REFUSED @ http://localhost:8083/activity-feed/stream:0
[  917194ms] [ERROR] Failed to load resource: net::ERR_CONNECTION_REFUSED @ http://localhost:8083/activity-feed/stream:0
[  917960ms] [ERROR] WebSocket connection to 'ws://localhost:8083/ws/events' failed: Error in connection establishment: net::ERR_CONNECTION_REFUSED @ http://localhost:8083/:173
[  917960ms] [ERROR] WebSocket error: Event @ http://localhost:8083/:212
[  922197ms] [ERROR] Failed to load resource: net::ERR_CONNECTION_REFUSED @ http://localhost:8083/activity-feed/stream:0
[  922302ms] [ERROR] WebSocket connection to 'ws://localhost:8083/ws/events' failed: Error in connection establishment: net::ERR_CONNECTION_REFUSED @ http://localhost:8083/:173
[  922302ms] [ERROR] WebSocket error: Event @ http://localhost:8083/:212
[  927200ms] [ERROR] Failed to load resource: net::ERR_CONNECTION_REFUSED @ http://localhost:8083/activity-feed/stream:0
[  928675ms] [ERROR] WebSocket connection to 'ws://localhost:8083/ws/events' failed: Error in connection establishment: net::ERR_CONNECTION_REFUSED @ http://localhost:8083/:173
[  928675ms] [ERROR] WebSocket error: Event @ http://localhost:8083/:212
[  932206ms] [ERROR] Failed to load resource: net::ERR_CONNECTION_REFUSED @ http://localhost:8083/activity-feed/stream:0
[  934858ms] [ERROR] WebSocket connection to 'ws://localhost:8083/ws/events' failed: Error in connection establishment: net::ERR_CONNECTION_REFUSED @ http://localhost:8083/:173
[  934858ms] [ERROR] WebSocket error: Event @ http://localhost:8083/:212
[  937208ms] [ERROR] Failed to load resource: net::ERR_CONNECTION_REFUSED @ http://localhost:8083/activity-feed/stream:0
[  939097ms] [ERROR] WebSocket connection to 'ws://localhost:8083/ws/events' failed: Error in connection establishment: net::ERR_CONNECTION_REFUSED @ http://localhost:8083/:173
[  939097ms] [ERROR] WebSocket error: Event @ http://localhost:8083/:212
[  942210ms] [ERROR] Failed to load resource: net::ERR_CONNECTION_REFUSED @ http://localhost:8083/activity-feed/stream:0
[  943546ms] [ERROR] WebSocket connection to 'ws://localhost:8083/ws/events' failed: Error in connection establishment: net::ERR_CONNECTION_REFUSED @ http://localhost:8083/:173
[  943546ms] [ERROR] WebSocket error: Event @ http://localhost:8083/:212
[  947213ms] [ERROR] Failed to load resource: net::ERR_CONNECTION_REFUSED @ http://localhost:8083/activity-feed/stream:0
[  948701ms] [ERROR] WebSocket connection to 'ws://localhost:8083/ws/events' failed: Error in connection establishment: net::ERR_CONNECTION_REFUSED @ http://localhost:8083/:173
[  948701ms] [ERROR] WebSocket error: Event @ http://localhost:8083/:212
[  951704ms] [ERROR] WebSocket connection to 'ws://localhost:8083/ws/events' failed: Error in connection establishment: net::ERR_CONNECTION_REFUSED @ http://localhost:8083/:173
[  951704ms] [ERROR] WebSocket error: Event @ http://localhost:8083/:212
[  952215ms] [ERROR] Failed to load resource: net::ERR_CONNECTION_REFUSED @ http://localhost:8083/activity-feed/stream:0
[  954707ms] [ERROR] WebSocket connection to 'ws://localhost:8083/ws/events' failed: Error in connection establishment: net::ERR_CONNECTION_REFUSED @ http://localhost:8083/:173
[  954707ms] [ERROR] WebSocket error: Event @ http://localhost:8083/:212
[  957218ms] [ERROR] Failed to load resource: net::ERR_CONNECTION_REFUSED @ http://localhost:8083/activity-feed/stream:0
[  957708ms] [ERROR] WebSocket connection to 'ws://localhost:8083/ws/events' failed: Error in connection establishment: net::ERR_CONNECTION_REFUSED @ http://localhost:8083/:173
[  957709ms] [ERROR] WebSocket error: Event @ http://localhost:8083/:212
[  960710ms] [ERROR] WebSocket connection to 'ws://localhost:8083/ws/events' failed: Error in connection establishment: net::ERR_CONNECTION_REFUSED @ http://localhost:8083/:173
[  960711ms] [ERROR] WebSocket error: Event @ http://localhost:8083/:212
[  962220ms] [ERROR] Failed to load resource: net::ERR_CONNECTION_REFUSED @ http://localhost:8083/activity-feed/stream:0
[  963715ms] [ERROR] WebSocket connection to 'ws://localhost:8083/ws/events' failed: Error in connection establishment: net::ERR_CONNECTION_REFUSED @ http://localhost:8083/:173
[  963715ms] [ERROR] WebSocket error: Event @ http://localhost:8083/:212
[  966720ms] [ERROR] WebSocket connection to 'ws://localhost:8083/ws/events' failed: Error in connection establishment: net::ERR_CONNECTION_REFUSED @ http://localhost:8083/:173
[  966720ms] [ERROR] WebSocket error: Event @ http://localhost:8083/:212
[  967222ms] [ERROR] Failed to load resource: net::ERR_CONNECTION_REFUSED @ http://localhost:8083/activity-feed/stream:0
[  969729ms] [ERROR] WebSocket connection to 'ws://localhost:8083/ws/events' failed: Error in connection establishment: net::ERR_CONNECTION_REFUSED @ http://localhost:8083/:173
[  969729ms] [ERROR] WebSocket error: Event @ http://localhost:8083/:212
[  972224ms] [ERROR] Failed to load resource: net::ERR_CONNECTION_REFUSED @ http://localhost:8083/activity-feed/stream:0
[  972753ms] [ERROR] WebSocket connection to 'ws://localhost:8083/ws/events' failed: Error in connection establishment: net::ERR_CONNECTION_REFUSED @ http://localhost:8083/:173
[  972754ms] [ERROR] WebSocket error: Event @ http://localhost:8083/:212
[  975775ms] [ERROR] WebSocket connection to 'ws://localhost:8083/ws/events' failed: Error in connection establishment: net::ERR_CONNECTION_REFUSED @ http://localhost:8083/:173
[  975775ms] [ERROR] WebSocket error: Event @ http://localhost:8083/:212
[  977227ms] [ERROR] Failed to load resource: net::ERR_CONNECTION_REFUSED @ http://localhost:8083/activity-feed/stream:0
[  978843ms] [ERROR] WebSocket connection to 'ws://localhost:8083/ws/events' failed: Error in connection establishment: net::ERR_CONNECTION_REFUSED @ http://localhost:8083/:173
[  978843ms] [ERROR] WebSocket error: Event @ http://localhost:8083/:212
[  981887ms] [ERROR] WebSocket connection to 'ws://localhost:8083/ws/events' failed: Error in connection establishment: net::ERR_CONNECTION_REFUSED @ http://localhost:8083/:173
[  981887ms] [ERROR] WebSocket error: Event @ http://localhost:8083/:212
[  982229ms] [ERROR] Failed to load resource: net::ERR_CONNECTION_REFUSED @ http://localhost:8083/activity-feed/stream:0
[  985135ms] [ERROR] WebSocket connection to 'ws://localhost:8083/ws/events' failed: Error in connection establishment: net::ERR_CONNECTION_REFUSED @ http://localhost:8083/:173
[  985136ms] [ERROR] WebSocket error: Event @ http://localhost:8083/:212
[  987231ms] [ERROR] Failed to load resource: net::ERR_CONNECTION_REFUSED @ http://localhost:8083/activity-feed/stream:0
[  988500ms] [ERROR] WebSocket connection to 'ws://localhost:8083/ws/events' failed: Error in connection establishment: net::ERR_CONNECTION_REFUSED @ http://localhost:8083/:173
[  988500ms] [ERROR] WebSocket error: Event @ http://localhost:8083/:212
[  992055ms] [ERROR] WebSocket connection to 'ws://localhost:8083/ws/events' failed: Error in connection establishment: net::ERR_CONNECTION_REFUSED @ http://localhost:8083/:173
[  992055ms] [ERROR] WebSocket error: Event @ http://localhost:8083/:212
[  992232ms] [ERROR] Failed to load resource: net::ERR_CONNECTION_REFUSED @ http://localhost:8083/activity-feed/stream:0
[  995902ms] [ERROR] WebSocket connection to 'ws://localhost:8083/ws/events' failed: Error in connection establishment: net::ERR_CONNECTION_REFUSED @ http://localhost:8083/:173
[  995902ms] [ERROR] WebSocket error: Event @ http://localhost:8083/:212
[  997234ms] [ERROR] Failed to load resource: net::ERR_CONNECTION_REFUSED @ http://localhost:8083/activity-feed/stream:0
[ 1002236ms] [ERROR] Failed to load resource: net::ERR_CONNECTION_REFUSED @ http://localhost:8083/activity-feed/stream:0
[ 1002593ms] [ERROR] WebSocket connection to 'ws://localhost:8083/ws/events' failed: Error in connection establishment: net::ERR_CONNECTION_REFUSED @ http://localhost:8083/:173
[ 1002593ms] [ERROR] WebSocket error: Event @ http://localhost:8083/:212
[ 1007239ms] [ERROR] Failed to load resource: net::ERR_CONNECTION_REFUSED @ http://localhost:8083/activity-feed/stream:0
[ 1008898ms] [ERROR] WebSocket connection to 'ws://localhost:8083/ws/events' failed: Error in connection establishment: net::ERR_CONNECTION_REFUSED @ http://localhost:8083/:173
[ 1008898ms] [ERROR] WebSocket error: Event @ http://localhost:8083/:212
[ 1012241ms] [ERROR] Failed to load resource: net::ERR_CONNECTION_REFUSED @ http://localhost:8083/activity-feed/stream:0
[ 1016532ms] [ERROR] WebSocket connection to 'ws://localhost:8083/ws/events' failed: Error in connection establishment: net::ERR_CONNECTION_REFUSED @ http://localhost:8083/:173
[ 1016532ms] [ERROR] WebSocket error: Event @ http://localhost:8083/:212
[ 1017242ms] [ERROR] Failed to load resource: net::ERR_CONNECTION_REFUSED @ http://localhost:8083/activity-feed/stream:0
[ 1021520ms] [ERROR] WebSocket connection to 'ws://localhost:8083/ws/events' failed: Error in connection establishment: net::ERR_CONNECTION_REFUSED @ http://localhost:8083/:173
[ 1021520ms] [ERROR] WebSocket error: Event @ http://localhost:8083/:212
[ 1022244ms] [ERROR] Failed to load resource: net::ERR_CONNECTION_REFUSED @ http://localhost:8083/activity-feed/stream:0
[ 1027246ms] [ERROR] Failed to load resource: net::ERR_CONNECTION_REFUSED @ http://localhost:8083/activity-feed/stream:0
[ 1027945ms] [ERROR] WebSocket connection to 'ws://localhost:8083/ws/events' failed: Error in connection establishment: net::ERR_CONNECTION_REFUSED @ http://localhost:8083/:173
[ 1027945ms] [ERROR] WebSocket error: Event @ http://localhost:8083/:212
[ 1032252ms] [ERROR] Failed to load resource: net::ERR_CONNECTION_REFUSED @ http://localhost:8083/activity-feed/stream:0
[ 1033867ms] [ERROR] WebSocket connection to 'ws://localhost:8083/ws/events' failed: Error in connection establishment: net::ERR_CONNECTION_REFUSED @ http://localhost:8083/:173
[ 1033867ms] [ERROR] WebSocket error: Event @ http://localhost:8083/:212
[ 1037253ms] [ERROR] Failed to load resource: net::ERR_CONNECTION_REFUSED @ http://localhost:8083/activity-feed/stream:0
[ 1038012ms] [ERROR] WebSocket connection to 'ws://localhost:8083/ws/events' failed: Error in connection establishment: net::ERR_CONNECTION_REFUSED @ http://localhost:8083/:173
[ 1038012ms] [ERROR] WebSocket error: Event @ http://localhost:8083/:212
[ 1042256ms] [ERROR] Failed to load resource: net::ERR_CONNECTION_REFUSED @ http://localhost:8083/activity-feed/stream:0
[ 1043359ms] [ERROR] WebSocket connection to 'ws://localhost:8083/ws/events' failed: Error in connection establishment: net::ERR_CONNECTION_REFUSED @ http://localhost:8083/:173
[ 1043359ms] [ERROR] WebSocket error: Event @ http://localhost:8083/:212
[ 1047259ms] [ERROR] Failed to load resource: net::ERR_CONNECTION_REFUSED @ http://localhost:8083/activity-feed/stream:0
[ 1049121ms] [ERROR] WebSocket connection to 'ws://localhost:8083/ws/events' failed: Error in connection establishment: net::ERR_CONNECTION_REFUSED @ http://localhost:8083/:173
[ 1049121ms] [ERROR] WebSocket error: Event @ http://localhost:8083/:212
[ 1052262ms] [ERROR] Failed to load resource: net::ERR_CONNECTION_REFUSED @ http://localhost:8083/activity-feed/stream:0
[ 1056225ms] [ERROR] WebSocket connection to 'ws://localhost:8083/ws/events' failed: Error in connection establishment: net::ERR_CONNECTION_REFUSED @ http://localhost:8083/:173
[ 1056225ms] [ERROR] WebSocket error: Event @ http://localhost:8083/:212
[ 1057264ms] [ERROR] Failed to load resource: net::ERR_CONNECTION_REFUSED @ http://localhost:8083/activity-feed/stream:0
[ 1062266ms] [ERROR] Failed to load resource: net::ERR_CONNECTION_REFUSED @ http://localhost:8083/activity-feed/stream:0
[ 1063466ms] [ERROR] WebSocket connection to 'ws://localhost:8083/ws/events' failed: Error in connection establishment: net::ERR_CONNECTION_REFUSED @ http://localhost:8083/:173
[ 1063466ms] [ERROR] WebSocket error: Event @ http://localhost:8083/:212
[ 1067269ms] [ERROR] Failed to load resource: net::ERR_CONNECTION_REFUSED @ http://localhost:8083/activity-feed/stream:0
[ 1071456ms] [ERROR] WebSocket connection to 'ws://localhost:8083/ws/events' failed: Error in connection establishment: net::ERR_CONNECTION_REFUSED @ http://localhost:8083/:173
[ 1071456ms] [ERROR] WebSocket error: Event @ http://localhost:8083/:212
[ 1072272ms] [ERROR] Failed to load resource: net::ERR_CONNECTION_REFUSED @ http://localhost:8083/activity-feed/stream:0
[ 1074458ms] [ERROR] WebSocket connection to 'ws://localhost:8083/ws/events' failed: Error in connection establishment: net::ERR_CONNECTION_REFUSED @ http://localhost:8083/:173
[ 1074458ms] [ERROR] WebSocket error: Event @ http://localhost:8083/:212
[ 1077275ms] [ERROR] Failed to load resource: net::ERR_CONNECTION_REFUSED @ http://localhost:8083/activity-feed/stream:0
[ 1077459ms] [ERROR] WebSocket connection to 'ws://localhost:8083/ws/events' failed: Error in connection establishment: net::ERR_CONNECTION_REFUSED @ http://localhost:8083/:173
[ 1077460ms] [ERROR] WebSocket error: Event @ http://localhost:8083/:212
[ 1080461ms] [ERROR] WebSocket connection to 'ws://localhost:8083/ws/events' failed: Error in connection establishment: net::ERR_CONNECTION_REFUSED @ http://localhost:8083/:173
[ 1080461ms] [ERROR] WebSocket error: Event @ http://localhost:8083/:212
[ 1082277ms] [ERROR] Failed to load resource: net::ERR_CONNECTION_REFUSED @ http://localhost:8083/activity-feed/stream:0
[ 1083464ms] [ERROR] WebSocket connection to 'ws://localhost:8083/ws/events' failed: Error in connection establishment: net::ERR_CONNECTION_REFUSED @ http://localhost:8083/:173
[ 1083464ms] [ERROR] WebSocket error: Event @ http://localhost:8083/:212
[ 1086468ms] [ERROR] WebSocket connection to 'ws://localhost:8083/ws/events' failed: Error in connection establishment: net::ERR_CONNECTION_REFUSED @ http://localhost:8083/:173
[ 1086468ms] [ERROR] WebSocket error: Event @ http://localhost:8083/:212
[ 1087281ms] [ERROR] Failed to load resource: net::ERR_CONNECTION_REFUSED @ http://localhost:8083/activity-feed/stream:0
[ 1089475ms] [ERROR] WebSocket connection to 'ws://localhost:8083/ws/events' failed: Error in connection establishment: net::ERR_CONNECTION_REFUSED @ http://localhost:8083/:173
[ 1089475ms] [ERROR] WebSocket error: Event @ http://localhost:8083/:212
[ 1092284ms] [ERROR] Failed to load resource: net::ERR_CONNECTION_REFUSED @ http://localhost:8083/activity-feed/stream:0
[ 1092483ms] [ERROR] WebSocket connection to 'ws://localhost:8083/ws/events' failed: Error in connection establishment: net::ERR_CONNECTION_REFUSED @ http://localhost:8083/:173
[ 1092483ms] [ERROR] WebSocket error: Event @ http://localhost:8083/:212
[ 1095507ms] [ERROR] WebSocket connection to 'ws://localhost:8083/ws/events' failed: Error in connection establishment: net::ERR_CONNECTION_REFUSED @ http://localhost:8083/:173
[ 1095508ms] [ERROR] WebSocket error: Event @ http://localhost:8083/:212
[ 1097286ms] [ERROR] Failed to load resource: net::ERR_CONNECTION_REFUSED @ http://localhost:8083/activity-feed/stream:0
[ 1098551ms] [ERROR] WebSocket connection to 'ws://localhost:8083/ws/events' failed: Error in connection establishment: net::ERR_CONNECTION_REFUSED @ http://localhost:8083/:173
[ 1098551ms] [ERROR] WebSocket error: Event @ http://localhost:8083/:212
[ 1101637ms] [ERROR] WebSocket connection to 'ws://localhost:8083/ws/events' failed: Error in connection establishment: net::ERR_CONNECTION_REFUSED @ http://localhost:8083/:173
[ 1101637ms] [ERROR] WebSocket error: Event @ http://localhost:8083/:212
[ 1102287ms] [ERROR] Failed to load resource: net::ERR_CONNECTION_REFUSED @ http://localhost:8083/activity-feed/stream:0
[ 1104753ms] [ERROR] WebSocket connection to 'ws://localhost:8083/ws/events' failed: Error in connection establishment: net::ERR_CONNECTION_REFUSED @ http://localhost:8083/:173
[ 1104753ms] [ERROR] WebSocket error: Event @ http://localhost:8083/:212
[ 1107288ms] [ERROR] Failed to load resource: net::ERR_CONNECTION_REFUSED @ http://localhost:8083/activity-feed/stream:0
[ 1107991ms] [ERROR] WebSocket connection to 'ws://localhost:8083/ws/events' failed: Error in connection establishment: net::ERR_CONNECTION_REFUSED @ http://localhost:8083/:173
[ 1107991ms] [ERROR] WebSocket error: Event @ http://localhost:8083/:212
[ 1111199ms] [ERROR] WebSocket connection to 'ws://localhost:8083/ws/events' failed: Error in connection establishment: net::ERR_CONNECTION_REFUSED @ http://localhost:8083/:173
[ 1111199ms] [ERROR] WebSocket error: Event @ http://localhost:8083/:212
[ 1112290ms] [ERROR] Failed to load resource: net::ERR_CONNECTION_REFUSED @ http://localhost:8083/activity-feed/stream:0
[ 1114921ms] [ERROR] WebSocket connection to 'ws://localhost:8083/ws/events' failed: Error in connection establishment: net::ERR_CONNECTION_REFUSED @ http://localhost:8083/:173
[ 1114921ms] [ERROR] WebSocket error: Event @ http://localhost:8083/:212
[ 1117292ms] [ERROR] Failed to load resource: net::ERR_CONNECTION_REFUSED @ http://localhost:8083/activity-feed/stream:0
[ 1119800ms] [ERROR] WebSocket connection to 'ws://localhost:8083/ws/events' failed: Error in connection establishment: net::ERR_CONNECTION_REFUSED @ http://localhost:8083/:173
[ 1119800ms] [ERROR] WebSocket error: Event @ http://localhost:8083/:212
[ 1122295ms] [ERROR] Failed to load resource: net::ERR_CONNECTION_REFUSED @ http://localhost:8083/activity-feed/stream:0
[ 1127203ms] [ERROR] WebSocket connection to 'ws://localhost:8083/ws/events' failed: Error in connection establishment: net::ERR_CONNECTION_REFUSED @ http://localhost:8083/:173
[ 1127203ms] [ERROR] WebSocket error: Event @ http://localhost:8083/:212
[ 1127297ms] [ERROR] Failed to load resource: net::ERR_CONNECTION_REFUSED @ http://localhost:8083/activity-feed/stream:0
[ 1132300ms] [ERROR] Failed to load resource: net::ERR_CONNECTION_REFUSED @ http://localhost:8083/activity-feed/stream:0
[ 1133266ms] [ERROR] WebSocket connection to 'ws://localhost:8083/ws/events' failed: Error in connection establishment: net::ERR_CONNECTION_REFUSED @ http://localhost:8083/:173
[ 1133266ms] [ERROR] WebSocket error: Event @ http://localhost:8083/:212
[ 1137302ms] [ERROR] Failed to load resource: net::ERR_CONNECTION_REFUSED @ http://localhost:8083/activity-feed/stream:0
[ 1138024ms] [ERROR] WebSocket connection to 'ws://localhost:8083/ws/events' failed: Error in connection establishment: net::ERR_CONNECTION_REFUSED @ http://localhost:8083/:173
[ 1138025ms] [ERROR] WebSocket error: Event @ http://localhost:8083/:212
[ 1142305ms] [ERROR] Failed to load resource: net::ERR_CONNECTION_REFUSED @ http://localhost:8083/activity-feed/stream:0
[ 1144867ms] [ERROR] WebSocket connection to 'ws://localhost:8083/ws/events' failed: Error in connection establishment: net::ERR_CONNECTION_REFUSED @ http://localhost:8083/:173
[ 1144867ms] [ERROR] WebSocket error: Event @ http://localhost:8083/:212
[ 1147308ms] [ERROR] Failed to load resource: net::ERR_CONNECTION_REFUSED @ http://localhost:8083/activity-feed/stream:0
[ 1150154ms] [ERROR] WebSocket connection to 'ws://localhost:8083/ws/events' failed: Error in connection establishment: net::ERR_CONNECTION_REFUSED @ http://localhost:8083/:173
[ 1150154ms] [ERROR] WebSocket error: Event @ http://localhost:8083/:212
[ 1152312ms] [ERROR] Failed to load resource: net::ERR_CONNECTION_REFUSED @ http://localhost:8083/activity-feed/stream:0
[ 1157314ms] [ERROR] WebSocket connection to 'ws://localhost:8083/ws/events' failed: Error in connection establishment: net::ERR_CONNECTION_REFUSED @ http://localhost:8083/:173
[ 1157314ms] [ERROR] WebSocket error: Event @ http://localhost:8083/:212
[ 1157315ms] [ERROR] Failed to load resource: net::ERR_CONNECTION_REFUSED @ http://localhost:8083/activity-feed/stream:0
[ 1162317ms] [ERROR] Failed to load resource: net::ERR_CONNECTION_REFUSED @ http://localhost:8083/activity-feed/stream:0
[ 1163610ms] [ERROR] WebSocket connection to 'ws://localhost:8083/ws/events' failed: Error in connection establishment: net::ERR_CONNECTION_REFUSED @ http://localhost:8083/:173
[ 1163610ms] [ERROR] WebSocket error: Event @ http://localhost:8083/:212
[ 1167319ms] [ERROR] Failed to load resource: net::ERR_CONNECTION_REFUSED @ http://localhost:8083/activity-feed/stream:0
[ 1168222ms] [ERROR] WebSocket connection to 'ws://localhost:8083/ws/events' failed: Error in connection establishment: net::ERR_CONNECTION_REFUSED @ http://localhost:8083/:173
[ 1168223ms] [ERROR] WebSocket error: Event @ http://localhost:8083/:212
[ 1172321ms] [ERROR] Failed to load resource: net::ERR_CONNECTION_REFUSED @ http://localhost:8083/activity-feed/stream:0
[ 1176155ms] [ERROR] WebSocket connection to 'ws://localhost:8083/ws/events' failed: Error in connection establishment: net::ERR_CONNECTION_REFUSED @ http://localhost:8083/:173
[ 1176155ms] [ERROR] WebSocket error: Event @ http://localhost:8083/:212
[ 1177324ms] [ERROR] Failed to load resource: net::ERR_CONNECTION_REFUSED @ http://localhost:8083/activity-feed/stream:0
[ 1180793ms] [ERROR] WebSocket connection to 'ws://localhost:8083/ws/events' failed: Error in connection establishment: net::ERR_CONNECTION_REFUSED @ http://localhost:8083/:173
[ 1180793ms] [ERROR] WebSocket error: Event @ http://localhost:8083/:212
[ 1182326ms] [ERROR] Failed to load resource: net::ERR_CONNECTION_REFUSED @ http://localhost:8083/activity-feed/stream:0
[ 1185679ms] [ERROR] WebSocket connection to 'ws://localhost:8083/ws/events' failed: Error in connection establishment: net::ERR_CONNECTION_REFUSED @ http://localhost:8083/:173
[ 1185679ms] [ERROR] WebSocket error: Event @ http://localhost:8083/:212
[ 1187329ms] [ERROR] Failed to load resource: net::ERR_CONNECTION_REFUSED @ http://localhost:8083/activity-feed/stream:0
[ 1190363ms] [ERROR] WebSocket connection to 'ws://localhost:8083/ws/events' failed: Error in connection establishment: net::ERR_CONNECTION_REFUSED @ http://localhost:8083/:173
[ 1190364ms] [ERROR] WebSocket error: Event @ http://localhost:8083/:212
[ 1192330ms] [ERROR] Failed to load resource: net::ERR_CONNECTION_REFUSED @ http://localhost:8083/activity-feed/stream:0
[ 1197017ms] [ERROR] WebSocket connection to 'ws://localhost:8083/ws/events' failed: Error in connection establishment: net::ERR_CONNECTION_REFUSED @ http://localhost:8083/:173
[ 1197017ms] [ERROR] WebSocket error: Event @ http://localhost:8083/:212
[ 1197331ms] [ERROR] Failed to load resource: net::ERR_CONNECTION_REFUSED @ http://localhost:8083/activity-feed/stream:0
