[ 1382831ms] [ERROR] WebSocket connection to 'ws://localhost:8080/ws/events' failed: Error in connection establishment: net::ERR_CONNECTION_REFUSED @ http://localhost:8080/:173
[ 1382832ms] [ERROR] WebSocket error: Event @ http://localhost:8080/:212
[ 1385159ms] [ERROR] htmx:afterRequest @ http://localhost:8080/static/htmx.min.js:0
[ 1385159ms] [ERROR] htmx:sendError @ http://localhost:8080/static/htmx.min.js:0
[ 1385161ms] [ERROR] Failed to load resource: net::ERR_CONNECTION_REFUSED @ http://localhost:8080/views/activity-feed:0
[ 1385164ms] undefined
[ 1385839ms] [ERROR] WebSocket connection to 'ws://localhost:8080/ws/events' failed: Error in connection establishment: net::ERR_CONNECTION_REFUSED @ http://localhost:8080/:173
[ 1385839ms] [ERROR] WebSocket error: Event @ http://localhost:8080/:212
[ 1388842ms] [ERROR] WebSocket connection to 'ws://localhost:8080/ws/events' failed: Error in connection establishment: net::ERR_CONNECTION_REFUSED @ http://localhost:8080/:173
[ 1388842ms] [ERROR] WebSocket error: Event @ http://localhost:8080/:212
[ 1391843ms] [ERROR] WebSocket connection to 'ws://localhost:8080/ws/events' failed: Error in connection establishment: net::ERR_CONNECTION_REFUSED @ http://localhost:8080/:173
[ 1391843ms] [ERROR] WebSocket error: Event @ http://localhost:8080/:212
[ 1394848ms] [ERROR] WebSocket connection to 'ws://localhost:8080/ws/events' failed: Error in connection establishment: net::ERR_CONNECTION_REFUSED @ http://localhost:8080/:173
[ 1394848ms] [ERROR] WebSocket error: Event @ http://localhost:8080/:212
[ 1397855ms] [ERROR] WebSocket connection to 'ws://localhost:8080/ws/events' failed: Error in connection establishment: net::ERR_CONNECTION_REFUSED @ http://localhost:8080/:173
[ 1397855ms] [ERROR] WebSocket error: Event @ http://localhost:8080/:212
[ 1400182ms] [ERROR] htmx:afterRequest @ http://localhost:8080/static/htmx.min.js:0
[ 1400182ms] [ERROR] htmx:sendError @ http://localhost:8080/static/htmx.min.js:0
[ 1400183ms] [ERROR] Failed to load resource: net::ERR_CONNECTION_REFUSED @ http://localhost:8080/views/activity-feed:0
[ 1400183ms] undefined
[ 1400865ms] [ERROR] WebSocket connection to 'ws://localhost:8080/ws/events' failed: Error in connection establishment: net::ERR_CONNECTION_REFUSED @ http://localhost:8080/:173
[ 1400865ms] [ERROR] WebSocket error: Event @ http://localhost:8080/:212
[ 1403878ms] [ERROR] WebSocket connection to 'ws://localhost:8080/ws/events' failed: Error in connection establishment: net::ERR_CONNECTION_REFUSED @ http://localhost:8080/:173
[ 1403878ms] [ERROR] WebSocket error: Event @ http://localhost:8080/:212
[ 1406908ms] [ERROR] WebSocket connection to 'ws://localhost:8080/ws/events' failed: Error in connection establishment: net::ERR_CONNECTION_REFUSED @ http://localhost:8080/:173
[ 1406908ms] [ERROR] WebSocket error: Event @ http://localhost:8080/:212
[ 1409974ms] [ERROR] WebSocket connection to 'ws://localhost:8080/ws/events' failed: Error in connection establishment: net::ERR_CONNECTION_REFUSED @ http://localhost:8080/:173
[ 1409974ms] [ERROR] WebSocket error: Event @ http://localhost:8080/:212
[ 1413074ms] [ERROR] WebSocket connection to 'ws://localhost:8080/ws/events' failed: Error in connection establishment: net::ERR_CONNECTION_REFUSED @ http://localhost:8080/:173
[ 1413074ms] [ERROR] WebSocket error: Event @ http://localhost:8080/:212
[ 1416243ms] [ERROR] WebSocket connection to 'ws://localhost:8080/ws/events' failed: Error in connection establishment: net::ERR_CONNECTION_REFUSED @ http://localhost:8080/:173
[ 1416243ms] [ERROR] WebSocket error: Event @ http://localhost:8080/:212
[ 1419797ms] [ERROR] WebSocket connection to 'ws://localhost:8080/ws/events' failed: Error in connection establishment: net::ERR_CONNECTION_REFUSED @ http://localhost:8080/:173
[ 1419798ms] [ERROR] WebSocket error: Event @ http://localhost:8080/:212
[ 1423670ms] [ERROR] WebSocket connection to 'ws://localhost:8080/ws/events' failed: Error in connection establishment: net::ERR_CONNECTION_REFUSED @ http://localhost:8080/:173
[ 1423670ms] [ERROR] WebSocket error: Event @ http://localhost:8080/:212
[ 1428040ms] [ERROR] WebSocket connection to 'ws://localhost:8080/ws/events' failed: Error in connection establishment: net::ERR_CONNECTION_REFUSED @ http://localhost:8080/:173
[ 1428040ms] [ERROR] WebSocket error: Event @ http://localhost:8080/:212
[ 1432836ms] [ERROR] WebSocket connection to 'ws://localhost:8080/ws/events' failed: Error in connection establishment: net::ERR_CONNECTION_REFUSED @ http://localhost:8080/:173
[ 1432837ms] [ERROR] WebSocket error: Event @ http://localhost:8080/:212
[ 1437741ms] [ERROR] WebSocket connection to 'ws://localhost:8080/ws/events' failed: Error in connection establishment: net::ERR_CONNECTION_REFUSED @ http://localhost:8080/:173
[ 1437741ms] [ERROR] WebSocket error: Event @ http://localhost:8080/:212
[ 1443589ms] [ERROR] WebSocket connection to 'ws://localhost:8080/ws/events' failed: Error in connection establishment: net::ERR_CONNECTION_REFUSED @ http://localhost:8080/:173
[ 1443590ms] [ERROR] WebSocket error: Event @ http://localhost:8080/:212
[ 1450993ms] [ERROR] WebSocket connection to 'ws://localhost:8080/ws/events' failed: Error in connection establishment: net::ERR_CONNECTION_REFUSED @ http://localhost:8080/:173
[ 1450993ms] [ERROR] WebSocket error: Event @ http://localhost:8080/:212
[ 1457584ms] [ERROR] WebSocket connection to 'ws://localhost:8080/ws/events' failed: Error in connection establishment: net::ERR_CONNECTION_REFUSED @ http://localhost:8080/:173
[ 1457584ms] [ERROR] WebSocket error: Event @ http://localhost:8080/:212
[ 1460469ms] [ERROR] htmx:afterRequest @ http://localhost:8080/static/htmx.min.js:0
[ 1460469ms] [ERROR] htmx:sendError @ http://localhost:8080/static/htmx.min.js:0
[ 1460469ms] [ERROR] Failed to load resource: net::ERR_CONNECTION_REFUSED @ http://localhost:8080/views/activity-feed:0
[ 1460470ms] undefined
[ 1465535ms] [ERROR] WebSocket connection to 'ws://localhost:8080/ws/events' failed: Error in connection establishment: net::ERR_CONNECTION_REFUSED @ http://localhost:8080/:173
[ 1465535ms] [ERROR] WebSocket error: Event @ http://localhost:8080/:212
[ 1470549ms] [ERROR] WebSocket connection to 'ws://localhost:8080/ws/events' failed: Error in connection establishment: net::ERR_CONNECTION_REFUSED @ http://localhost:8080/:173
[ 1470549ms] [ERROR] WebSocket error: Event @ http://localhost:8080/:212
[ 1472496ms] [ERROR] htmx:afterRequest @ http://localhost:8080/static/htmx.min.js:0
[ 1472497ms] [ERROR] htmx:sendError @ http://localhost:8080/static/htmx.min.js:0
[ 1472497ms] [ERROR] Failed to load resource: net::ERR_CONNECTION_REFUSED @ http://localhost:8080/views/activity-feed:0
[ 1472499ms] undefined
[ 1476837ms] [ERROR] WebSocket connection to 'ws://localhost:8080/ws/events' failed: Error in connection establishment: net::ERR_CONNECTION_REFUSED @ http://localhost:8080/:173
[ 1476838ms] [ERROR] WebSocket error: Event @ http://localhost:8080/:212
[ 1480383ms] [ERROR] WebSocket connection to 'ws://localhost:8080/ws/events' failed:  @ http://localhost:8080/:173
[ 1480383ms] [ERROR] WebSocket error: Event @ http://localhost:8080/:212
[ 1483386ms] [ERROR] WebSocket connection to 'ws://localhost:8080/ws/events' failed: Error in connection establishment: net::ERR_CONNECTION_REFUSED @ http://localhost:8080/:173
[ 1483386ms] [ERROR] WebSocket error: Event @ http://localhost:8080/:212
