[  664730ms] [ERROR] htmx:swapError @ http://localhost:8080/static/htmx.min.js:0
[  664730ms] [ERROR] TypeError: Cannot read properties of null (reading 'querySelector')
    at http://localhost:8080/static/htmx.min.js:1:10398
    at oe (http://localhost:8080/static/htmx.min.js:1:4868)
    at Te (http://localhost:8080/static/htmx.min.js:1:10251)
    at a (http://localhost:8080/static/htmx.min.js:1:10716)
    at Xe (http://localhost:8080/static/htmx.min.js:1:12198)
    at Be (http://localhost:8080/static/htmx.min.js:1:12778)
    at je (http://localhost:8080/static/htmx.min.js:1:13371)
    at y (http://localhost:8080/static/htmx.min.js:1:44431)
    at Mr (http://localhost:8080/static/htmx.min.js:1:45944)
    at b.onload (http://localhost:8080/static/htmx.min.js:1:40991) @ http://localhost:8080/static/htmx.min.js:0
[  664735ms] TypeError: Cannot read properties of null (reading 'querySelector')
    at http://localhost:8080/static/htmx.min.js:1:10398
    at oe (http://localhost:8080/static/htmx.min.js:1:4868)
    at Te (http://localhost:8080/static/htmx.min.js:1:10251)
    at a (http://localhost:8080/static/htmx.min.js:1:10716)
    at Xe (http://localhost:8080/static/htmx.min.js:1:12198)
    at Be (http://localhost:8080/static/htmx.min.js:1:12778)
    at je (http://localhost:8080/static/htmx.min.js:1:13371)
    at y (http://localhost:8080/static/htmx.min.js:1:44431)
    at Mr (http://localhost:8080/static/htmx.min.js:1:45944)
    at b.onload (http://localhost:8080/static/htmx.min.js:1:40991)
[ 2195744ms] [ERROR] WebSocket connection to 'ws://localhost:8080/ws/events' failed:  @ http://localhost:8080/:141
[ 2195745ms] [ERROR] WebSocket error: Event @ http://localhost:8080/:184
[ 2198776ms] [ERROR] WebSocket connection to 'ws://localhost:8080/ws/events' failed: Error in connection establishment: net::ERR_CONNECTION_REFUSED @ http://localhost:8080/:141
[ 2198776ms] [ERROR] WebSocket error: Event @ http://localhost:8080/:184
[ 2201780ms] [ERROR] WebSocket connection to 'ws://localhost:8080/ws/events' failed: Error in connection establishment: net::ERR_CONNECTION_REFUSED @ http://localhost:8080/:141
[ 2201780ms] [ERROR] WebSocket error: Event @ http://localhost:8080/:184
[ 2204784ms] [ERROR] WebSocket connection to 'ws://localhost:8080/ws/events' failed: Error in connection establishment: net::ERR_CONNECTION_REFUSED @ http://localhost:8080/:141
[ 2204784ms] [ERROR] WebSocket error: Event @ http://localhost:8080/:184
[ 2207788ms] [ERROR] WebSocket connection to 'ws://localhost:8080/ws/events' failed: Error in connection establishment: net::ERR_CONNECTION_REFUSED @ http://localhost:8080/:141
[ 2207788ms] [ERROR] WebSocket error: Event @ http://localhost:8080/:184
[ 2210791ms] [ERROR] WebSocket connection to 'ws://localhost:8080/ws/events' failed: Error in connection establishment: net::ERR_CONNECTION_REFUSED @ http://localhost:8080/:141
[ 2210791ms] [ERROR] WebSocket error: Event @ http://localhost:8080/:184
[ 2213797ms] [ERROR] WebSocket connection to 'ws://localhost:8080/ws/events' failed: Error in connection establishment: net::ERR_CONNECTION_REFUSED @ http://localhost:8080/:141
[ 2213797ms] [ERROR] WebSocket error: Event @ http://localhost:8080/:184
[ 2216808ms] [ERROR] WebSocket connection to 'ws://localhost:8080/ws/events' failed: Error in connection establishment: net::ERR_CONNECTION_REFUSED @ http://localhost:8080/:141
[ 2216808ms] [ERROR] WebSocket error: Event @ http://localhost:8080/:184
[ 2219819ms] [ERROR] WebSocket connection to 'ws://localhost:8080/ws/events' failed: Error in connection establishment: net::ERR_CONNECTION_REFUSED @ http://localhost:8080/:141
[ 2219819ms] [ERROR] WebSocket error: Event @ http://localhost:8080/:184
[ 2222854ms] [ERROR] WebSocket connection to 'ws://localhost:8080/ws/events' failed: Error in connection establishment: net::ERR_CONNECTION_REFUSED @ http://localhost:8080/:141
[ 2222855ms] [ERROR] WebSocket error: Event @ http://localhost:8080/:184
[ 2225890ms] [ERROR] WebSocket connection to 'ws://localhost:8080/ws/events' failed: Error in connection establishment: net::ERR_CONNECTION_REFUSED @ http://localhost:8080/:141
[ 2225890ms] [ERROR] WebSocket error: Event @ http://localhost:8080/:184
[ 2229015ms] [ERROR] WebSocket connection to 'ws://localhost:8080/ws/events' failed: Error in connection establishment: net::ERR_CONNECTION_REFUSED @ http://localhost:8080/:141
[ 2229015ms] [ERROR] WebSocket error: Event @ http://localhost:8080/:184
[ 2232196ms] [ERROR] WebSocket connection to 'ws://localhost:8080/ws/events' failed: Error in connection establishment: net::ERR_CONNECTION_REFUSED @ http://localhost:8080/:141
[ 2232197ms] [ERROR] WebSocket error: Event @ http://localhost:8080/:184
[ 2235397ms] [ERROR] WebSocket connection to 'ws://localhost:8080/ws/events' failed: Error in connection establishment: net::ERR_CONNECTION_REFUSED @ http://localhost:8080/:141
[ 2235397ms] [ERROR] WebSocket error: Event @ http://localhost:8080/:184
[ 2238797ms] [ERROR] WebSocket connection to 'ws://localhost:8080/ws/events' failed: Error in connection establishment: net::ERR_CONNECTION_REFUSED @ http://localhost:8080/:141
[ 2238797ms] [ERROR] WebSocket error: Event @ http://localhost:8080/:184
