[   14803ms] [WARNING] An iframe which has both allow-scripts and allow-same-origin for its sandbox attribute can escape its sandboxing. @ https://res.public.onecdn.static.microsoft/owamail/hashed-v1/scripts/owa.94868.m.66d0b4eb.js:6
[   16099ms] [WARNING] An iframe which has both allow-scripts and allow-same-origin for its sandbox attribute can escape its sandboxing. @ https://outlook.office365.com/mail/oauthRedirect.html#error=login_required&error_description=AADSTS50058%3a+A+silent+sign-in+request+was+sent+but+no+user+is+signed+in.+The+cookies+used+to+represent+the+user%27s+session+were+not+sent+in+the+request+to+Azure+AD.+This+can+happen+if+the+user+is+using+Internet+Explorer+or+Edge%2c+and+the+web+app+sending+the+silent+sign-in+request+is+in+different+IE+security+zone+than+the+Azure+AD+endpoint+(login.microsoftonline.com).+Trace+ID%3a+fa415191-4822-40fc-b588-f6bcbf1ec500+Correlation+ID%3a+702007fe-513d-7442-250d-095223c61e3c+Timestamp%3a+2026-03-08+19%3a35%3a27Z&error_uri=https%3a%2f%2flogin.microsoftonline.com%2ferror%3fcode%3d50058&state=eyJpZCI6IjAxOWNjZWYyLTg0NmItNzgzMS04OTE3LTUyYjc1ZmZjMjFjMCIsIm1ldGEiOnsiaW50ZXJhY3Rpb25UeXBlIjoic2lsZW50In19%7caHR0cHM6Ly9vdXRsb29rLm9mZmljZTM2NS5jb20vbWFpbC9pZC9BQVFrQUdRM1pUWmxZVGxpTFRVMU5UWXROR1V4WkMwNE1tRm1MVFEwTnpZeU5XTXpNVE0yWkFBUUFJJTJGTjlUdXhpODlDc2YyTVlLMGExUVklM0Q:0
[   39799ms] SyntaxError: Failed to execute 'appendChild' on 'Node': Unexpected token 'export'
    at p (https://shib.oit.duke.edu/idp/js/jquery-3.2.1.min.js:2:523)
    at r.globalEval (https://shib.oit.duke.edu/idp/js/jquery-3.2.1.min.js:2:2581)
    at text script (https://shib.oit.duke.edu/idp/js/jquery-3.2.1.min.js:4:17036)
    at Qb (https://shib.oit.duke.edu/idp/js/jquery-3.2.1.min.js:4:10192)
    at A (https://shib.oit.duke.edu/idp/js/jquery-3.2.1.min.js:4:13719)
    at XMLHttpRequest.<anonymous> (https://shib.oit.duke.edu/idp/js/jquery-3.2.1.min.js:4:16323)
[   49687ms] [WARNING] The resource https://res.public.onecdn.static.microsoft/owamail/hashed-v1/scripts/owa.mail.m.7c681586.css was preloaded using link preload but not used within a few seconds from the window's load event. Please make sure it has an appropriate `as` value and it is preloaded intentionally. @ https://outlook.office365.com/mail/id/AAQkAGQ3ZTZlYTliLTU1NTYtNGUxZC04MmFmLTQ0NzYyNWMzMTM2ZAAQAI%2FN9Tuxi89Csf2MYK0a1QY%3D:0
[   49687ms] [WARNING] The resource https://res.public.onecdn.static.microsoft/owamail/hashed-v1/scripts/owa.styles.m.864d41cc.css was preloaded using link preload but not used within a few seconds from the window's load event. Please make sure it has an appropriate `as` value and it is preloaded intentionally. @ https://outlook.office365.com/mail/id/AAQkAGQ3ZTZlYTliLTU1NTYtNGUxZC04MmFmLTQ0NzYyNWMzMTM2ZAAQAI%2FN9Tuxi89Csf2MYK0a1QY%3D:0
[   49687ms] [WARNING] The resource https://res.public.onecdn.static.microsoft/owamail/hashed-v1/scripts/owa.82663.m.711484ca.js was preloaded using link preload but not used within a few seconds from the window's load event. Please make sure it has an appropriate `as` value and it is preloaded intentionally. @ https://outlook.office365.com/mail/id/AAQkAGQ3ZTZlYTliLTU1NTYtNGUxZC04MmFmLTQ0NzYyNWMzMTM2ZAAQAI%2FN9Tuxi89Csf2MYK0a1QY%3D:0
[   49687ms] [WARNING] The resource https://res.public.onecdn.static.microsoft/owamail/hashed-v1/scripts/owa.shared.m.855a7d41.css was preloaded using link preload but not used within a few seconds from the window's load event. Please make sure it has an appropriate `as` value and it is preloaded intentionally. @ https://outlook.office365.com/mail/id/AAQkAGQ3ZTZlYTliLTU1NTYtNGUxZC04MmFmLTQ0NzYyNWMzMTM2ZAAQAI%2FN9Tuxi89Csf2MYK0a1QY%3D:0
[   49688ms] [WARNING] The resource https://res.public.onecdn.static.microsoft/owamail/hashed-v1/scripts/owa.AppBoot.m.78cc54e7.js was preloaded using link preload but not used within a few seconds from the window's load event. Please make sure it has an appropriate `as` value and it is preloaded intentionally. @ https://outlook.office365.com/mail/id/AAQkAGQ3ZTZlYTliLTU1NTYtNGUxZC04MmFmLTQ0NzYyNWMzMTM2ZAAQAI%2FN9Tuxi89Csf2MYK0a1QY%3D:0
[   66130ms] ChunkLoadError: Loading chunk 15509 failed.
(error: https://res.public.onecdn.static.microsoft/owamail/hashed-v1/scripts/owa.15509.m.c29b4020.js)
    at Object.j (https://res.public.onecdn.static.microsoft/owamail/hashed-v1/scripts/owa.mail.runtime.12153a8e.js:1:204935)
    at https://res.public.onecdn.static.microsoft/owamail/hashed-v1/scripts/owa.mail.runtime.12153a8e.js:1:1376
    at Array.reduce (<anonymous>)
    at A.e (https://res.public.onecdn.static.microsoft/owamail/hashed-v1/scripts/owa.mail.runtime.12153a8e.js:1:1355)
    at M.initAnalyticsDynamically (https://res.public.onecdn.static.microsoft/owamail/hashed-v1/scripts/owa.94868.m.66d0b4eb.js:1:49835)
    at M.initializeAppInsights (https://res.public.onecdn.static.microsoft/owamail/hashed-v1/scripts/owa.94868.m.66d0b4eb.js:1:49438)
    at M.processQueueAsync (https://res.public.onecdn.static.microsoft/owamail/hashed-v1/scripts/owa.94868.m.66d0b4eb.js:1:51353)
    at M.sendCustomEvent (https://res.public.onecdn.static.microsoft/owamail/hashed-v1/scripts/owa.94868.m.66d0b4eb.js:1:51096)
    at https://res.public.onecdn.static.microsoft/owamail/hashed-v1/scripts/owa.94868.m.66d0b4eb.js:1:54188
    at Array.forEach (<anonymous>)
[   66130ms] ChunkLoadError: Loading chunk 19444 failed.
(error: https://res.public.onecdn.static.microsoft/owamail/hashed-v1/scripts/owa.19444.m.8e3ccd6e.js)
    at Object.j (https://res.public.onecdn.static.microsoft/owamail/hashed-v1/scripts/owa.mail.runtime.12153a8e.js:1:204935)
    at https://res.public.onecdn.static.microsoft/owamail/hashed-v1/scripts/owa.mail.runtime.12153a8e.js:1:1376
    at Array.reduce (<anonymous>)
    at A.e (https://res.public.onecdn.static.microsoft/owamail/hashed-v1/scripts/owa.mail.runtime.12153a8e.js:1:1355)
    at M.initAnalyticsDynamically (https://res.public.onecdn.static.microsoft/owamail/hashed-v1/scripts/owa.94868.m.66d0b4eb.js:1:49846)
    at M.initializeAppInsights (https://res.public.onecdn.static.microsoft/owamail/hashed-v1/scripts/owa.94868.m.66d0b4eb.js:1:49438)
    at M.processQueueAsync (https://res.public.onecdn.static.microsoft/owamail/hashed-v1/scripts/owa.94868.m.66d0b4eb.js:1:51353)
    at M.sendCustomEvent (https://res.public.onecdn.static.microsoft/owamail/hashed-v1/scripts/owa.94868.m.66d0b4eb.js:1:51096)
    at https://res.public.onecdn.static.microsoft/owamail/hashed-v1/scripts/owa.94868.m.66d0b4eb.js:1:54188
    at Array.forEach (<anonymous>)
[   71118ms] [ERROR] Failed to load resource: the server responded with a status of 401 () @ https://outlook.office365.com/owa/startupdata.ashx?app=Mail&n=0&n=1:0
[   71122ms] SyntaxError: Failed to execute 'json' on 'Response': Unexpected end of JSON input
    at u (https://res.public.onecdn.static.microsoft/owamail/hashed-v1/scripts/owa.mailindex.aa3d963f.js:2:40765)
[   71317ms] Error: 401
    at Object.w [as createStatusErrorMessage] (https://res.public.onecdn.static.microsoft/owamail/hashed-v1/scripts/owa.mailindex.aa3d963f.js:2:10319)
    at https://res.public.onecdn.static.microsoft/owamail/hashed-v1/scripts/owa.mailindex.aa3d963f.js:2:42963
[   71471ms] [WARNING] An iframe which has both allow-scripts and allow-same-origin for its sandbox attribute can escape its sandboxing. @ https://res.public.onecdn.static.microsoft/owamail/hashed-v1/scripts/owa.94868.m.66d0b4eb.js:6
[   72072ms] [WARNING] An iframe which has both allow-scripts and allow-same-origin for its sandbox attribute can escape its sandboxing. @ https://outlook.office365.com/mail/oauthRedirect.html#error=login_required&error_description=AADSTS50058%3a+A+silent+sign-in+request+was+sent+but+no+user+is+signed+in.+The+cookies+used+to+represent+the+user%27s+session+were+not+sent+in+the+request+to+Azure+AD.+This+can+happen+if+the+user+is+using+Internet+Explorer+or+Edge%2c+and+the+web+app+sending+the+silent+sign-in+request+is+in+different+IE+security+zone+than+the+Azure+AD+endpoint+(login.microsoftonline.com).+Trace+ID%3a+5d1835c7-be99-42ee-8b57-224b75fe0000+Correlation+ID%3a+e742804a-408a-de0b-c653-7c5e37086e0c+Timestamp%3a+2026-03-08+19%3a36%3a23Z&error_uri=https%3a%2f%2flogin.microsoftonline.com%2ferror%3fcode%3d50058&state=eyJpZCI6IjAxOWNjZWYzLTYxYzktNzAxYS05NWQwLWE0ZjUwMmM4OWNjNCIsIm1ldGEiOnsiaW50ZXJhY3Rpb25UeXBlIjoic2lsZW50In19%7caHR0cHM6Ly9vdXRsb29rLm9mZmljZTM2NS5jb20vbWFpbC8_Yk89NCZtc2FsQXV0aFJlZGlyZWN0PXRydWU:0
[ 1236242ms] SyntaxError: Failed to execute 'appendChild' on 'Node': Unexpected token 'export'
    at p (https://shib.oit.duke.edu/idp/js/jquery-3.2.1.min.js:2:523)
    at r.globalEval (https://shib.oit.duke.edu/idp/js/jquery-3.2.1.min.js:2:2581)
    at text script (https://shib.oit.duke.edu/idp/js/jquery-3.2.1.min.js:4:17036)
    at Qb (https://shib.oit.duke.edu/idp/js/jquery-3.2.1.min.js:4:10192)
    at A (https://shib.oit.duke.edu/idp/js/jquery-3.2.1.min.js:4:13719)
    at XMLHttpRequest.<anonymous> (https://shib.oit.duke.edu/idp/js/jquery-3.2.1.min.js:4:16323)
[ 1241896ms] [ERROR] Failed to load resource: the server responded with a status of 404 () @ https://login.microsoftonline.com/favicon.ico:0
[ 1245044ms] [ERROR] Loading the script 'https://js.monitor.azure.com/scripts/c/ms.shared.analytics.mectrl-3.gbl.min.js' violates the following Content Security Policy directive: "script-src 'nonce-6e63MROuq/VzK70XJMII6g==' *.res.office365.com *.fluidpreview.office.net wss://*.delve.office.com:443 shellprod.msocdn.com amcdn.msauth.net amcdn.msftauth.net *.skype.com *.skypeassets.com *.delve.office.com *.cdn.office.net *.df.onecdn.static.microsoft *.public.onecdn.static.microsoft static.teams.microsoft.com teams.microsoft.com cdn.forms.office.net content.lifecycle.office.net blob: 'report-sample' 'self' 'wasm-unsafe-eval' *.yammer.com". Note that 'script-src-elem' was not explicitly set, so 'script-src' is used as a fallback. The action has been blocked. @ https://amcdn.msftauth.net/me?partner=Exchange&version=latest&market=en-US&wrapperId=suiteshell:0
[ 1245096ms] [ERROR] Failed to load resource: the server responded with a status of 404 () @ https://graph.microsoft.com/v1.0/users/mn149@duke.edu/photo/$value:0
[ 1245127ms] [ERROR] Loading the script 'https://js.monitor.azure.com/scripts/c/ms.shared.analytics.mectrl-3.gbl.min.js' violates the following Content Security Policy directive: "script-src 'nonce-6e63MROuq/VzK70XJMII6g==' *.res.office365.com *.fluidpreview.office.net wss://*.delve.office.com:443 shellprod.msocdn.com amcdn.msauth.net amcdn.msftauth.net *.skype.com *.skypeassets.com *.delve.office.com *.cdn.office.net *.df.onecdn.static.microsoft *.public.onecdn.static.microsoft static.teams.microsoft.com teams.microsoft.com cdn.forms.office.net content.lifecycle.office.net blob: 'report-sample' 'self' 'wasm-unsafe-eval' *.yammer.com". Note that 'script-src-elem' was not explicitly set, so 'script-src' is used as a fallback. The action has been blocked. @ https://amcdn.msftauth.net/me?partner=Exchange&version=latest&market=en-US&wrapperId=suiteshell:0
[ 1246282ms] [ERROR] Failed to load resource: the server responded with a status of 404 () @ https://outlook.office365.com/imageB2/v1.0/users/rochelle.bitolas%40duke.edu/image/resize(width=120,height=120,allowResizeUp=true):0
[ 1246918ms] [ERROR] Failed to load resource: the server responded with a status of 404 () @ https://outlook.office365.com/imageB2/v1.0/users/melanie.bonner%40duke.edu/image/resize(width=120,height=120,allowResizeUp=true):0
[ 1247555ms] [ERROR] Failed to load resource: the server responded with a status of 404 () @ https://outlook.office365.com/imageB2/v1.0/users/davidc.gordon%40duke.edu/image/resize(width=120,height=120,allowResizeUp=true):0
[ 1248137ms] [ERROR] Failed to load resource: the server responded with a status of 404 () @ https://outlook.office365.com/imageB2/v1.0/users/meetings%40nesps.org/image/resize(width=120,height=120,allowResizeUp=true):0
[ 1248286ms] [WARNING] Some icons were re-registered. Applications should only call registerIcons for any given icon once. Redefining what an icon is may have unintended consequences. Duplicates include: 
vNextContactCard, vNextOpen, accdb16_png, accdb16_svg, accdb16_1.5x_png, accdb16_1.5x_svg, accdb16_2x_png, accdb16_3x_png, accdb16_4x_png, aipage16_png (+ 4584 more) @ https://res-1.cdn.office.net/midgard/versionless/livepersonacard_without-react_fb414a95f5c6011eb478.js:1
[ 1248897ms] [ERROR] Failed to load resource: the server responded with a status of 404 () @ https://outlook.office365.com/imageB2/v1.0/users/em%40editorialmanager.com/image/resize(width=120,height=120,allowResizeUp=true):0
