[     149ms] [ERROR] Failed to load resource: the server responded with a status of 404 (Not Found) @ http://localhost:8080/favicon.ico:0
[     158ms] [ERROR] Failed to load resource: the server responded with a status of 404 (Not Found) @ http://localhost:8080/activity-feed/stream:0
[   71229ms] [ERROR] WebSocket connection to 'ws://localhost:8080/ws/events' failed: Error in connection establishment: net::ERR_CONNECTION_REFUSED @ http://localhost:8080/:141
[   71229ms] [ERROR] WebSocket error: Event @ http://localhost:8080/:184
[   74233ms] [ERROR] WebSocket connection to 'ws://localhost:8080/ws/events' failed: Error in connection establishment: net::ERR_CONNECTION_REFUSED @ http://localhost:8080/:141
[   74233ms] [ERROR] WebSocket error: Event @ http://localhost:8080/:184
[   77236ms] [ERROR] WebSocket connection to 'ws://localhost:8080/ws/events' failed: Error in connection establishment: net::ERR_CONNECTION_REFUSED @ http://localhost:8080/:141
[   77236ms] [ERROR] WebSocket error: Event @ http://localhost:8080/:184
[   80240ms] [ERROR] WebSocket connection to 'ws://localhost:8080/ws/events' failed: Error in connection establishment: net::ERR_CONNECTION_REFUSED @ http://localhost:8080/:141
[   80240ms] [ERROR] WebSocket error: Event @ http://localhost:8080/:184
[   83242ms] [ERROR] WebSocket connection to 'ws://localhost:8080/ws/events' failed: Error in connection establishment: net::ERR_CONNECTION_REFUSED @ http://localhost:8080/:141
[   83242ms] [ERROR] WebSocket error: Event @ http://localhost:8080/:184
[   86244ms] [ERROR] WebSocket connection to 'ws://localhost:8080/ws/events' failed: Error in connection establishment: net::ERR_CONNECTION_REFUSED @ http://localhost:8080/:141
[   86244ms] [ERROR] WebSocket error: Event @ http://localhost:8080/:184
[   89248ms] [ERROR] WebSocket connection to 'ws://localhost:8080/ws/events' failed: Error in connection establishment: net::ERR_CONNECTION_REFUSED @ http://localhost:8080/:141
[   89248ms] [ERROR] WebSocket error: Event @ http://localhost:8080/:184
[   92250ms] [ERROR] WebSocket connection to 'ws://localhost:8080/ws/events' failed: Error in connection establishment: net::ERR_CONNECTION_REFUSED @ http://localhost:8080/:141
[   92250ms] [ERROR] WebSocket error: Event @ http://localhost:8080/:184
[   95256ms] [ERROR] WebSocket connection to 'ws://localhost:8080/ws/events' failed: Error in connection establishment: net::ERR_CONNECTION_REFUSED @ http://localhost:8080/:141
[   95256ms] [ERROR] WebSocket error: Event @ http://localhost:8080/:184
[   98262ms] [ERROR] WebSocket connection to 'ws://localhost:8080/ws/events' failed: Error in connection establishment: net::ERR_CONNECTION_REFUSED @ http://localhost:8080/:141
[   98262ms] [ERROR] WebSocket error: Event @ http://localhost:8080/:184
[  101267ms] [ERROR] WebSocket connection to 'ws://localhost:8080/ws/events' failed: Error in connection establishment: net::ERR_CONNECTION_REFUSED @ http://localhost:8080/:141
[  101267ms] [ERROR] WebSocket error: Event @ http://localhost:8080/:184
[  104270ms] [ERROR] WebSocket connection to 'ws://localhost:8080/ws/events' failed: Error in connection establishment: net::ERR_CONNECTION_REFUSED @ http://localhost:8080/:141
[  104270ms] [ERROR] WebSocket error: Event @ http://localhost:8080/:184
[  107278ms] [ERROR] WebSocket connection to 'ws://localhost:8080/ws/events' failed: Error in connection establishment: net::ERR_CONNECTION_REFUSED @ http://localhost:8080/:141
[  107278ms] [ERROR] WebSocket error: Event @ http://localhost:8080/:184
[  110285ms] [ERROR] WebSocket connection to 'ws://localhost:8080/ws/events' failed: Error in connection establishment: net::ERR_CONNECTION_REFUSED @ http://localhost:8080/:141
[  110285ms] [ERROR] WebSocket error: Event @ http://localhost:8080/:184
